2026-06-24 05:09:06,000 INFO Fetching 240 charts into C:\Users\Admin\Desktop\scripts/data/apple/ ...
2026-06-24 05:09:09,000 INFO ok   us/business: 200 shows
2026-06-24 05:09:09,000 INFO ok   us/arts: 200 shows
2026-06-24 05:09:09,000 INFO ok   us/education: 200 shows
2026-06-24 05:09:10,000 INFO ok   us/comedy: 200 shows
2026-06-24 05:09:10,000 INFO ok   us/top: 200 shows
2026-06-24 05:09:10,000 INFO ok   us/fiction: 200 shows
2026-06-24 05:09:11,000 INFO ok   us/government: 200 shows
2026-06-24 05:09:11,000 INFO ok   us/health-fitness: 200 shows
2026-06-24 05:09:11,000 INFO ok   us/history: 200 shows
2026-06-24 05:09:12,000 INFO ok   us/kids-family: 200 shows
2026-06-24 05:09:12,000 INFO ok   us/music: 200 shows
2026-06-24 05:09:13,000 INFO ok   us/leisure: 200 shows
2026-06-24 05:09:13,000 INFO ok   us/news: 200 shows
2026-06-24 05:09:13,000 INFO ok   us/religion-spirituality: 200 shows
2026-06-24 05:09:14,000 INFO ok   us/science: 200 shows
2026-06-24 05:09:14,000 INFO ok   us/society-culture: 200 shows
2026-06-24 05:09:15,000 INFO ok   us/sports: 200 shows
2026-06-24 05:09:15,000 INFO ok   us/technology: 200 shows
2026-06-24 05:09:15,000 INFO ok   us/true-crime: 200 shows
2026-06-24 05:09:16,000 INFO ok   us/tv-film: 200 shows
2026-06-24 05:09:16,000 INFO ok   gb/top: 200 shows
2026-06-24 05:09:17,000 INFO ok   gb/arts: 200 shows
2026-06-24 05:09:17,000 INFO ok   gb/business: 200 shows
2026-06-24 05:09:17,000 INFO ok   gb/comedy: 200 shows
2026-06-24 05:09:17,000 INFO ok   gb/education: 200 shows
2026-06-24 05:09:18,000 INFO ok   gb/fiction: 200 shows
2026-06-24 05:09:18,000 INFO ok   gb/government: 200 shows
2026-06-24 05:09:18,000 INFO ok   gb/health-fitness: 200 shows
2026-06-24 05:09:19,000 INFO ok   gb/history: 200 shows
2026-06-24 05:09:19,000 INFO ok   gb/kids-family: 200 shows
2026-06-24 05:09:19,000 INFO ok   gb/leisure: 200 shows
2026-06-24 05:09:20,000 INFO ok   gb/music: 200 shows
2026-06-24 05:09:20,000 INFO ok   gb/news: 200 shows
2026-06-24 05:09:21,000 INFO ok   gb/religion-spirituality: 200 shows
2026-06-24 05:09:21,000 INFO ok   gb/science: 200 shows
2026-06-24 05:09:21,000 INFO ok   gb/society-culture: 200 shows
2026-06-24 05:09:22,000 INFO ok   gb/sports: 200 shows
2026-06-24 05:09:22,000 INFO ok   gb/technology: 200 shows
2026-06-24 05:09:22,000 INFO ok   gb/true-crime: 200 shows
2026-06-24 05:09:23,000 INFO ok   gb/tv-film: 200 shows
2026-06-24 05:09:23,000 INFO ok   ca/top: 200 shows
2026-06-24 05:09:23,000 INFO ok   ca/arts: 200 shows
2026-06-24 05:09:24,000 INFO ok   ca/business: 200 shows
2026-06-24 05:09:24,000 INFO ok   ca/comedy: 200 shows
2026-06-24 05:09:24,000 INFO ok   ca/education: 200 shows
2026-06-24 05:09:25,000 INFO ok   ca/government: 200 shows
2026-06-24 05:09:26,000 INFO ok   ca/fiction: 200 shows
2026-06-24 05:09:27,000 INFO ok   ca/health-fitness: 200 shows
2026-06-24 05:09:27,000 INFO ok   ca/history: 200 shows
2026-06-24 05:09:27,000 INFO ok   ca/kids-family: 200 shows
2026-06-24 05:09:28,000 INFO ok   ca/leisure: 200 shows
2026-06-24 05:09:29,000 INFO ok   ca/music: 200 shows
2026-06-24 05:09:29,000 INFO ok   ca/news: 200 shows
2026-06-24 05:09:30,000 INFO ok   ca/religion-spirituality: 200 shows
2026-06-24 05:09:30,000 INFO ok   ca/science: 200 shows
2026-06-24 05:09:31,000 INFO ok   ca/society-culture: 200 shows
2026-06-24 05:09:31,000 INFO ok   ca/sports: 200 shows
2026-06-24 05:09:31,000 INFO ok   ca/technology: 200 shows
2026-06-24 05:09:32,000 INFO ok   ca/true-crime: 200 shows
2026-06-24 05:09:32,000 INFO ok   au/top: 200 shows
2026-06-24 05:09:32,000 INFO ok   ca/tv-film: 200 shows
2026-06-24 05:09:33,000 INFO ok   au/arts: 200 shows
2026-06-24 05:09:33,000 INFO ok   au/business: 200 shows
2026-06-24 05:09:33,000 INFO ok   au/comedy: 200 shows
2026-06-24 05:09:34,000 INFO ok   au/education: 200 shows
2026-06-24 05:09:34,000 INFO ok   au/fiction: 200 shows
2026-06-24 05:09:34,000 INFO ok   au/government: 200 shows
2026-06-24 05:09:35,000 INFO ok   au/health-fitness: 200 shows
2026-06-24 05:09:35,000 INFO ok   au/history: 200 shows
2026-06-24 05:09:35,000 INFO ok   au/leisure: 200 shows
2026-06-24 05:09:36,000 INFO ok   au/kids-family: 200 shows
2026-06-24 05:09:36,000 INFO ok   au/music: 200 shows
2026-06-24 05:09:37,000 INFO ok   au/news: 200 shows
2026-06-24 05:09:37,000 INFO ok   au/religion-spirituality: 200 shows
2026-06-24 05:09:37,000 INFO ok   au/science: 200 shows
2026-06-24 05:09:38,000 INFO ok   au/society-culture: 200 shows
2026-06-24 05:09:38,000 INFO ok   au/sports: 200 shows
2026-06-24 05:09:38,000 INFO ok   au/technology: 200 shows
2026-06-24 05:09:39,000 INFO ok   au/true-crime: 200 shows
2026-06-24 05:09:39,000 INFO ok   au/tv-film: 200 shows
2026-06-24 05:09:40,000 INFO ok   in/top: 200 shows
2026-06-24 05:09:40,000 INFO ok   in/arts: 200 shows
2026-06-24 05:09:41,000 INFO ok   in/business: 200 shows
2026-06-24 05:09:41,000 INFO ok   in/comedy: 200 shows
2026-06-24 05:09:42,000 INFO ok   in/government: 200 shows
2026-06-24 05:09:42,000 INFO ok   in/fiction: 200 shows
2026-06-24 05:09:42,000 INFO ok   in/health-fitness: 200 shows
2026-06-24 05:09:43,000 INFO ok   in/history: 200 shows
2026-06-24 05:09:43,000 INFO ok   in/kids-family: 200 shows
2026-06-24 05:09:44,000 INFO ok   in/leisure: 200 shows
2026-06-24 05:09:44,000 INFO ok   in/music: 200 shows
2026-06-24 05:09:45,000 INFO ok   in/news: 200 shows
2026-06-24 05:09:46,000 INFO ok   in/education: 200 shows
2026-06-24 05:09:47,000 INFO ok   in/religion-spirituality: 200 shows
2026-06-24 05:09:47,000 INFO ok   in/science: 200 shows
2026-06-24 05:09:49,000 INFO ok   in/society-culture: 200 shows
2026-06-24 05:09:50,000 INFO ok   in/sports: 200 shows
2026-06-24 05:09:50,000 INFO ok   in/technology: 200 shows
2026-06-24 05:09:51,000 INFO ok   in/true-crime: 200 shows
2026-06-24 05:09:51,000 INFO ok   in/tv-film: 200 shows
2026-06-24 05:09:52,000 INFO ok   de/top: 200 shows
2026-06-24 05:09:52,000 INFO ok   de/arts: 200 shows
2026-06-24 05:09:52,000 INFO ok   de/business: 200 shows
2026-06-24 05:09:53,000 INFO ok   de/comedy: 200 shows
2026-06-24 05:09:53,000 INFO ok   de/education: 200 shows
2026-06-24 05:09:54,000 INFO ok   de/government: 200 shows
2026-06-24 05:09:54,000 INFO ok   de/fiction: 200 shows
2026-06-24 05:09:55,000 INFO ok   de/health-fitness: 200 shows
2026-06-24 05:09:55,000 INFO ok   de/history: 200 shows
2026-06-24 05:09:56,000 INFO ok   de/kids-family: 200 shows
2026-06-24 05:09:56,000 INFO ok   de/music: 200 shows
2026-06-24 05:09:57,000 INFO ok   de/leisure: 200 shows
2026-06-24 05:09:57,000 INFO ok   de/news: 200 shows
2026-06-24 05:09:57,000 INFO ok   de/religion-spirituality: 200 shows
2026-06-24 05:09:58,000 INFO ok   de/science: 200 shows
2026-06-24 05:09:58,000 INFO ok   de/society-culture: 200 shows
2026-06-24 05:09:58,000 INFO ok   de/sports: 200 shows
2026-06-24 05:09:59,000 INFO ok   de/true-crime: 200 shows
2026-06-24 05:09:59,000 INFO ok   de/technology: 200 shows
2026-06-24 05:09:59,000 INFO ok   de/tv-film: 200 shows
2026-06-24 05:10:00,000 INFO ok   fr/top: 200 shows
2026-06-24 05:10:00,000 INFO ok   fr/arts: 200 shows
2026-06-24 05:10:01,000 INFO ok   fr/business: 200 shows
2026-06-24 05:10:02,000 INFO ok   fr/comedy: 200 shows
2026-06-24 05:10:02,000 INFO ok   fr/education: 200 shows
2026-06-24 05:10:02,000 INFO ok   fr/fiction: 200 shows
2026-06-24 05:10:03,000 INFO ok   fr/government: 200 shows
2026-06-24 05:10:03,000 INFO ok   fr/history: 200 shows
2026-06-24 05:10:04,000 INFO ok   fr/kids-family: 200 shows
2026-06-24 05:10:04,000 INFO ok   fr/health-fitness: 200 shows
2026-06-24 05:10:04,000 INFO ok   fr/leisure: 200 shows
2026-06-24 05:10:05,000 INFO ok   fr/news: 200 shows
2026-06-24 05:10:05,000 INFO ok   fr/religion-spirituality: 200 shows
2026-06-24 05:10:05,000 INFO ok   fr/science: 200 shows
2026-06-24 05:10:06,000 INFO ok   fr/society-culture: 200 shows
2026-06-24 05:10:07,000 INFO ok   fr/sports: 200 shows
2026-06-24 05:10:07,000 INFO ok   fr/technology: 200 shows
2026-06-24 05:10:07,000 INFO ok   fr/music: 200 shows
2026-06-24 05:10:07,000 INFO ok   fr/true-crime: 200 shows
2026-06-24 05:10:08,000 INFO ok   fr/tv-film: 200 shows
2026-06-24 05:10:08,000 INFO ok   es/top: 200 shows
2026-06-24 05:10:08,000 INFO ok   es/arts: 200 shows
2026-06-24 05:10:09,000 INFO ok   es/business: 200 shows
2026-06-24 05:10:09,000 INFO ok   es/comedy: 200 shows
2026-06-24 05:10:09,000 INFO ok   es/education: 200 shows
2026-06-24 05:10:10,000 INFO ok   es/fiction: 200 shows
2026-06-24 05:10:10,000 INFO ok   es/government: 200 shows
2026-06-24 05:10:10,000 INFO ok   es/health-fitness: 200 shows
2026-06-24 05:10:11,000 INFO ok   es/history: 200 shows
2026-06-24 05:10:11,000 INFO ok   es/kids-family: 200 shows
2026-06-24 05:10:11,000 INFO ok   es/leisure: 200 shows
2026-06-24 05:10:12,000 INFO ok   es/music: 200 shows
2026-06-24 05:10:12,000 INFO ok   es/news: 200 shows
2026-06-24 05:10:12,000 INFO ok   es/religion-spirituality: 200 shows
2026-06-24 05:10:13,000 INFO ok   es/science: 200 shows
2026-06-24 05:10:13,000 INFO ok   es/society-culture: 200 shows
2026-06-24 05:10:13,000 INFO ok   es/technology: 200 shows
2026-06-24 05:10:14,000 INFO ok   es/sports: 200 shows
2026-06-24 05:10:14,000 INFO ok   es/true-crime: 200 shows
2026-06-24 05:10:15,000 INFO ok   it/top: 200 shows
2026-06-24 05:10:15,000 INFO ok   es/tv-film: 200 shows
2026-06-24 05:10:15,000 INFO ok   it/arts: 200 shows
2026-06-24 05:10:16,000 INFO ok   it/business: 200 shows
2026-06-24 05:10:16,000 INFO ok   it/comedy: 200 shows
2026-06-24 05:10:16,000 INFO ok   it/education: 200 shows
2026-06-24 05:10:17,000 INFO ok   it/government: 200 shows
2026-06-24 05:10:17,000 INFO ok   it/health-fitness: 200 shows
2026-06-24 05:10:17,000 INFO ok   it/history: 200 shows
2026-06-24 05:10:18,000 INFO ok   it/kids-family: 200 shows
2026-06-24 05:10:18,000 INFO ok   it/leisure: 200 shows
2026-06-24 05:10:19,000 INFO ok   it/music: 200 shows
2026-06-24 05:10:19,000 INFO ok   it/news: 200 shows
2026-06-24 05:10:19,000 INFO ok   it/fiction: 200 shows
2026-06-24 05:10:20,000 INFO ok   it/religion-spirituality: 200 shows
2026-06-24 05:10:20,000 INFO ok   it/science: 200 shows
2026-06-24 05:10:20,000 INFO ok   it/society-culture: 200 shows
2026-06-24 05:10:21,000 INFO ok   it/sports: 200 shows
2026-06-24 05:10:21,000 INFO ok   it/technology: 200 shows
2026-06-24 05:10:22,000 INFO ok   it/true-crime: 200 shows
2026-06-24 05:10:22,000 INFO ok   it/tv-film: 200 shows
2026-06-24 05:10:22,000 INFO ok   br/top: 200 shows
2026-06-24 05:10:23,000 INFO ok   br/arts: 200 shows
2026-06-24 05:10:23,000 INFO ok   br/business: 200 shows
2026-06-24 05:10:23,000 INFO ok   br/comedy: 200 shows
2026-06-24 05:10:24,000 INFO ok   br/education: 200 shows
2026-06-24 05:10:24,000 INFO ok   br/fiction: 200 shows
2026-06-24 05:10:24,000 INFO ok   br/government: 200 shows
2026-06-24 05:10:25,000 INFO ok   br/health-fitness: 200 shows
2026-06-24 05:10:25,000 INFO ok   br/leisure: 200 shows
2026-06-24 05:10:26,000 INFO ok   br/kids-family: 200 shows
2026-06-24 05:10:26,000 INFO ok   br/history: 200 shows
2026-06-24 05:10:26,000 INFO ok   br/news: 200 shows
2026-06-24 05:10:27,000 INFO ok   br/religion-spirituality: 200 shows
2026-06-24 05:10:27,000 INFO ok   br/science: 200 shows
2026-06-24 05:10:27,000 INFO ok   br/society-culture: 200 shows
2026-06-24 05:10:28,000 INFO ok   br/sports: 200 shows
2026-06-24 05:10:28,000 INFO ok   br/music: 200 shows
2026-06-24 05:10:29,000 INFO ok   br/technology: 200 shows
2026-06-24 05:10:29,000 INFO ok   br/true-crime: 200 shows
2026-06-24 05:10:29,000 INFO ok   br/tv-film: 200 shows
2026-06-24 05:10:30,000 INFO ok   mx/top: 200 shows
2026-06-24 05:10:30,000 INFO ok   mx/business: 200 shows
2026-06-24 05:10:30,000 INFO ok   mx/comedy: 200 shows
2026-06-24 05:10:31,000 INFO ok   mx/education: 200 shows
2026-06-24 05:10:31,000 INFO ok   mx/fiction: 200 shows
2026-06-24 05:10:32,000 INFO ok   mx/arts: 200 shows
2026-06-24 05:10:32,000 INFO ok   mx/government: 200 shows
2026-06-24 05:10:32,000 INFO ok   mx/health-fitness: 200 shows
2026-06-24 05:10:33,000 INFO ok   mx/history: 200 shows
2026-06-24 05:10:33,000 INFO ok   mx/kids-family: 200 shows
2026-06-24 05:10:33,000 INFO ok   mx/leisure: 200 shows
2026-06-24 05:10:34,000 INFO ok   mx/music: 200 shows
2026-06-24 05:10:34,000 INFO ok   mx/news: 200 shows
2026-06-24 05:10:34,000 INFO ok   mx/religion-spirituality: 200 shows
2026-06-24 05:10:35,000 INFO ok   mx/science: 200 shows
2026-06-24 05:10:35,000 INFO ok   mx/society-culture: 200 shows
2026-06-24 05:10:36,000 INFO ok   mx/tv-film: 200 shows
2026-06-24 05:10:36,000 INFO ok   mx/technology: 200 shows
2026-06-24 05:10:37,000 INFO ok   jp/top: 200 shows
2026-06-24 05:10:37,000 INFO ok   mx/sports: 200 shows
2026-06-24 05:10:37,000 INFO ok   jp/arts: 200 shows
2026-06-24 05:10:38,000 INFO ok   jp/business: 200 shows
2026-06-24 05:10:38,000 INFO ok   jp/comedy: 200 shows
2026-06-24 05:10:38,000 INFO ok   jp/education: 200 shows
2026-06-24 05:10:39,000 INFO ok   mx/true-crime: 200 shows
2026-06-24 05:10:39,000 INFO ok   jp/fiction: 200 shows
2026-06-24 05:10:39,000 INFO ok   jp/government: 200 shows
2026-06-24 05:10:40,000 INFO ok   jp/health-fitness: 200 shows
2026-06-24 05:10:40,000 INFO ok   jp/history: 200 shows
2026-06-24 05:10:40,000 INFO ok   jp/kids-family: 200 shows
2026-06-24 05:10:41,000 INFO ok   jp/leisure: 200 shows
2026-06-24 05:10:41,000 INFO ok   jp/music: 200 shows
2026-06-24 05:10:41,000 INFO ok   jp/news: 200 shows
2026-06-24 05:10:42,000 INFO ok   jp/religion-spirituality: 200 shows
2026-06-24 05:10:42,000 INFO ok   jp/science: 200 shows
2026-06-24 05:10:43,000 INFO ok   jp/sports: 200 shows
2026-06-24 05:10:43,000 INFO ok   jp/society-culture: 200 shows
2026-06-24 05:10:43,000 INFO ok   jp/technology: 200 shows
2026-06-24 05:10:43,000 INFO ok   jp/true-crime: 200 shows
2026-06-24 05:10:43,000 INFO ok   jp/tv-film: 200 shows
2026-06-24 05:10:43,000 INFO Done. 240 ok, 0 failed.
2026-06-24 06:34:48,000 INFO Fetching 240 charts into C:\Users\Admin\Desktop\scripts/data/apple/ ...
2026-06-24 06:34:50,000 INFO ok   us/comedy: 200 shows
2026-06-24 06:34:51,000 INFO ok   us/top: 200 shows
2026-06-24 06:34:51,000 INFO ok   us/education: 200 shows
2026-06-24 06:34:51,000 INFO ok   us/business: 200 shows
2026-06-24 06:34:52,000 INFO ok   us/arts: 200 shows
2026-06-24 06:34:52,000 INFO ok   us/fiction: 200 shows
2026-06-24 06:34:52,000 INFO ok   us/health-fitness: 200 shows
2026-06-24 06:34:53,000 INFO ok   us/government: 200 shows
2026-06-24 06:34:53,000 INFO ok   us/history: 200 shows
2026-06-24 06:34:53,000 INFO ok   us/kids-family: 200 shows
2026-06-24 06:34:54,000 INFO ok   us/leisure: 200 shows
2026-06-24 06:34:54,000 INFO ok   us/music: 200 shows
2026-06-24 06:34:54,000 INFO ok   us/news: 200 shows
2026-06-24 06:34:54,000 INFO ok   us/religion-spirituality: 200 shows
2026-06-24 06:34:55,000 INFO ok   us/society-culture: 200 shows
2026-06-24 06:34:55,000 INFO ok   us/science: 200 shows
2026-06-24 06:34:56,000 INFO ok   us/sports: 200 shows
2026-06-24 06:34:56,000 INFO ok   us/technology: 200 shows
2026-06-24 06:34:56,000 INFO ok   us/true-crime: 200 shows
2026-06-24 06:34:57,000 INFO ok   us/tv-film: 200 shows
2026-06-24 06:34:57,000 INFO ok   gb/top: 200 shows
2026-06-24 06:34:57,000 INFO ok   gb/arts: 200 shows
2026-06-24 06:34:58,000 INFO ok   gb/business: 200 shows
2026-06-24 06:34:58,000 INFO ok   gb/comedy: 200 shows
2026-06-24 06:34:58,000 INFO ok   gb/education: 200 shows
2026-06-24 06:34:59,000 INFO ok   gb/fiction: 200 shows
2026-06-24 06:34:59,000 INFO ok   gb/government: 200 shows
2026-06-24 06:34:59,000 INFO ok   gb/health-fitness: 200 shows
2026-06-24 06:35:00,000 INFO ok   gb/history: 200 shows
2026-06-24 06:35:00,000 INFO ok   gb/kids-family: 200 shows
2026-06-24 06:35:00,000 INFO ok   gb/leisure: 200 shows
2026-06-24 06:35:01,000 INFO ok   gb/music: 200 shows
2026-06-24 06:35:01,000 INFO ok   gb/news: 200 shows
2026-06-24 06:35:01,000 INFO ok   gb/religion-spirituality: 200 shows
2026-06-24 06:35:02,000 INFO ok   gb/science: 200 shows
2026-06-24 06:35:02,000 INFO ok   gb/society-culture: 200 shows
2026-06-24 06:35:02,000 INFO ok   gb/sports: 200 shows
2026-06-24 06:35:03,000 INFO ok   gb/technology: 200 shows
2026-06-24 06:35:03,000 INFO ok   gb/true-crime: 200 shows
2026-06-24 06:35:03,000 INFO ok   gb/tv-film: 200 shows
2026-06-24 06:35:04,000 INFO ok   ca/top: 200 shows
2026-06-24 06:35:04,000 INFO ok   ca/arts: 200 shows
2026-06-24 06:35:04,000 INFO ok   ca/business: 200 shows
2026-06-24 06:35:05,000 INFO ok   ca/comedy: 200 shows
2026-06-24 06:35:05,000 INFO ok   ca/education: 200 shows
2026-06-24 06:35:06,000 INFO ok   ca/fiction: 200 shows
2026-06-24 06:35:06,000 INFO ok   ca/history: 200 shows
2026-06-24 06:35:06,000 INFO ok   ca/government: 200 shows
2026-06-24 06:35:07,000 INFO ok   ca/health-fitness: 200 shows
2026-06-24 06:35:07,000 INFO ok   ca/kids-family: 200 shows
2026-06-24 06:35:07,000 INFO ok   ca/leisure: 200 shows
2026-06-24 06:35:08,000 INFO ok   ca/music: 200 shows
2026-06-24 06:35:08,000 INFO ok   ca/news: 200 shows
2026-06-24 06:35:09,000 INFO ok   ca/religion-spirituality: 200 shows
2026-06-24 06:35:09,000 INFO ok   ca/science: 200 shows
2026-06-24 06:35:09,000 INFO ok   ca/society-culture: 200 shows
2026-06-24 06:35:10,000 INFO ok   ca/sports: 200 shows
2026-06-24 06:35:10,000 INFO ok   ca/technology: 200 shows
2026-06-24 06:35:10,000 INFO ok   ca/true-crime: 200 shows
2026-06-24 06:35:11,000 INFO ok   ca/tv-film: 200 shows
2026-06-24 06:35:11,000 INFO ok   au/top: 200 shows
2026-06-24 06:35:11,000 INFO ok   au/arts: 200 shows
2026-06-24 06:35:12,000 INFO ok   au/comedy: 200 shows
2026-06-24 06:35:12,000 INFO ok   au/business: 200 shows
2026-06-24 06:35:12,000 INFO ok   au/fiction: 200 shows
2026-06-24 06:35:13,000 INFO ok   au/education: 200 shows
2026-06-24 06:35:13,000 INFO ok   au/government: 200 shows
2026-06-24 06:35:14,000 INFO ok   au/health-fitness: 200 shows
2026-06-24 06:35:14,000 INFO ok   au/history: 200 shows
2026-06-24 06:35:14,000 INFO ok   au/kids-family: 200 shows
2026-06-24 06:35:15,000 INFO ok   au/leisure: 200 shows
2026-06-24 06:35:15,000 INFO ok   au/music: 200 shows
2026-06-24 06:35:15,000 INFO ok   au/news: 200 shows
2026-06-24 06:35:16,000 INFO ok   au/religion-spirituality: 200 shows
2026-06-24 06:35:16,000 INFO ok   au/science: 200 shows
2026-06-24 06:35:16,000 INFO ok   au/society-culture: 200 shows
2026-06-24 06:35:17,000 INFO ok   au/sports: 200 shows
2026-06-24 06:35:17,000 INFO ok   au/technology: 200 shows
2026-06-24 06:35:17,000 INFO ok   au/true-crime: 200 shows
2026-06-24 06:35:18,000 INFO ok   in/top: 200 shows
2026-06-24 06:35:18,000 INFO ok   au/tv-film: 200 shows
2026-06-24 06:35:18,000 INFO ok   in/arts: 200 shows
2026-06-24 06:35:19,000 INFO ok   in/business: 200 shows
2026-06-24 06:35:19,000 INFO ok   in/comedy: 200 shows
2026-06-24 06:35:19,000 INFO ok   in/education: 200 shows
2026-06-24 06:35:20,000 INFO ok   in/government: 200 shows
2026-06-24 06:35:20,000 INFO ok   in/fiction: 200 shows
2026-06-24 06:35:20,000 INFO ok   in/health-fitness: 200 shows
2026-06-24 06:35:21,000 INFO ok   in/history: 200 shows
2026-06-24 06:35:21,000 INFO ok   in/kids-family: 200 shows
2026-06-24 06:35:21,000 INFO ok   in/leisure: 200 shows
2026-06-24 06:35:22,000 INFO ok   in/news: 200 shows
2026-06-24 06:35:22,000 INFO ok   in/music: 200 shows
2026-06-24 06:35:22,000 INFO ok   in/religion-spirituality: 200 shows
2026-06-24 06:35:23,000 INFO ok   in/society-culture: 200 shows
2026-06-24 06:35:23,000 INFO ok   in/science: 200 shows
2026-06-24 06:35:23,000 INFO ok   in/sports: 200 shows
2026-06-24 06:35:24,000 INFO ok   in/technology: 200 shows
2026-06-24 06:35:24,000 INFO ok   in/true-crime: 200 shows
2026-06-24 06:35:24,000 INFO ok   in/tv-film: 200 shows
2026-06-24 06:35:25,000 INFO ok   de/top: 200 shows
2026-06-24 06:35:25,000 INFO ok   de/arts: 200 shows
2026-06-24 06:35:26,000 INFO ok   de/comedy: 200 shows
2026-06-24 06:35:26,000 INFO ok   de/education: 200 shows
2026-06-24 06:35:27,000 INFO ok   de/business: 200 shows
2026-06-24 06:35:27,000 INFO ok   de/fiction: 200 shows
2026-06-24 06:35:27,000 INFO ok   de/government: 200 shows
2026-06-24 06:35:28,000 INFO ok   de/health-fitness: 200 shows
2026-06-24 06:35:28,000 INFO ok   de/history: 200 shows
2026-06-24 06:35:28,000 INFO ok   de/kids-family: 200 shows
2026-06-24 06:35:29,000 INFO ok   de/leisure: 200 shows
2026-06-24 06:35:29,000 INFO ok   de/music: 200 shows
2026-06-24 06:35:29,000 INFO ok   de/news: 200 shows
2026-06-24 06:35:30,000 INFO ok   de/religion-spirituality: 200 shows
2026-06-24 06:35:30,000 INFO ok   de/science: 200 shows
2026-06-24 06:35:30,000 INFO ok   de/society-culture: 200 shows
2026-06-24 06:35:31,000 INFO ok   de/sports: 200 shows
2026-06-24 06:35:31,000 INFO ok   de/technology: 200 shows
2026-06-24 06:35:31,000 INFO ok   de/true-crime: 200 shows
2026-06-24 06:35:32,000 INFO ok   fr/top: 200 shows
2026-06-24 06:35:32,000 INFO ok   de/tv-film: 200 shows
2026-06-24 06:35:32,000 INFO ok   fr/arts: 200 shows
2026-06-24 06:35:33,000 INFO ok   fr/business: 200 shows
2026-06-24 06:35:33,000 INFO ok   fr/comedy: 200 shows
2026-06-24 06:35:33,000 INFO ok   fr/education: 200 shows
2026-06-24 06:35:34,000 INFO ok   fr/fiction: 200 shows
2026-06-24 06:35:34,000 INFO ok   fr/government: 200 shows
2026-06-24 06:35:34,000 INFO ok   fr/health-fitness: 200 shows
2026-06-24 06:35:35,000 INFO ok   fr/history: 200 shows
2026-06-24 06:35:35,000 INFO ok   fr/kids-family: 200 shows
2026-06-24 06:35:35,000 INFO ok   fr/leisure: 200 shows
2026-06-24 06:35:36,000 INFO ok   fr/news: 200 shows
2026-06-24 06:35:36,000 INFO ok   fr/music: 200 shows
2026-06-24 06:35:36,000 INFO ok   fr/religion-spirituality: 200 shows
2026-06-24 06:35:37,000 INFO ok   fr/society-culture: 200 shows
2026-06-24 06:35:37,000 INFO ok   fr/science: 200 shows
2026-06-24 06:35:37,000 INFO ok   fr/sports: 200 shows
2026-06-24 06:35:38,000 INFO ok   fr/technology: 200 shows
2026-06-24 06:35:38,000 INFO ok   fr/true-crime: 200 shows
2026-06-24 06:35:38,000 INFO ok   fr/tv-film: 200 shows
2026-06-24 06:35:39,000 INFO ok   es/top: 200 shows
2026-06-24 06:35:39,000 INFO ok   es/arts: 200 shows
2026-06-24 06:35:39,000 INFO ok   es/business: 200 shows
2026-06-24 06:35:40,000 INFO ok   es/comedy: 200 shows
2026-06-24 06:35:40,000 INFO ok   es/education: 200 shows
2026-06-24 06:35:40,000 INFO ok   es/fiction: 200 shows
2026-06-24 06:35:41,000 INFO ok   es/government: 200 shows
2026-06-24 06:35:41,000 INFO ok   es/history: 200 shows
2026-06-24 06:35:41,000 INFO ok   es/health-fitness: 200 shows
2026-06-24 06:35:42,000 INFO ok   es/kids-family: 200 shows
2026-06-24 06:35:42,000 INFO ok   es/music: 200 shows
2026-06-24 06:35:42,000 INFO ok   es/leisure: 200 shows
2026-06-24 06:35:43,000 INFO ok   es/news: 200 shows
2026-06-24 06:35:43,000 INFO ok   es/religion-spirituality: 200 shows
2026-06-24 06:35:43,000 INFO ok   es/society-culture: 200 shows
2026-06-24 06:35:44,000 INFO ok   es/science: 200 shows
2026-06-24 06:35:44,000 INFO ok   es/sports: 200 shows
2026-06-24 06:35:44,000 INFO ok   es/technology: 200 shows
2026-06-24 06:35:45,000 INFO ok   es/tv-film: 200 shows
2026-06-24 06:35:45,000 INFO ok   es/true-crime: 200 shows
2026-06-24 06:35:46,000 INFO ok   it/top: 200 shows
2026-06-24 06:35:46,000 INFO ok   it/arts: 200 shows
2026-06-24 06:35:47,000 INFO ok   it/business: 200 shows
2026-06-24 06:35:47,000 INFO ok   it/comedy: 200 shows
2026-06-24 06:35:48,000 INFO ok   it/government: 200 shows
2026-06-24 06:35:48,000 INFO ok   it/education: 200 shows
2026-06-24 06:35:48,000 INFO ok   it/fiction: 200 shows
2026-06-24 06:35:49,000 INFO ok   it/health-fitness: 200 shows
2026-06-24 06:35:49,000 INFO ok   it/history: 200 shows
2026-06-24 06:35:49,000 INFO ok   it/kids-family: 200 shows
2026-06-24 06:35:50,000 INFO ok   it/leisure: 200 shows
2026-06-24 06:35:50,000 INFO ok   it/music: 200 shows
2026-06-24 06:35:51,000 INFO ok   it/news: 200 shows
2026-06-24 06:35:51,000 INFO ok   it/science: 200 shows
2026-06-24 06:35:51,000 INFO ok   it/religion-spirituality: 200 shows
2026-06-24 06:35:52,000 INFO ok   it/society-culture: 200 shows
2026-06-24 06:35:52,000 INFO ok   it/sports: 200 shows
2026-06-24 06:35:53,000 INFO ok   it/technology: 200 shows
2026-06-24 06:35:54,000 INFO ok   it/true-crime: 200 shows
2026-06-24 06:35:54,000 INFO ok   br/top: 200 shows
2026-06-24 06:35:54,000 INFO ok   it/tv-film: 200 shows
2026-06-24 06:35:55,000 INFO ok   br/arts: 200 shows
2026-06-24 06:35:55,000 INFO ok   br/business: 200 shows
2026-06-24 06:35:55,000 INFO ok   br/comedy: 200 shows
2026-06-24 06:35:56,000 INFO ok   br/education: 200 shows
2026-06-24 06:35:56,000 INFO ok   br/fiction: 200 shows
2026-06-24 06:35:56,000 INFO ok   br/government: 200 shows
2026-06-24 06:35:57,000 INFO ok   br/health-fitness: 200 shows
2026-06-24 06:35:57,000 INFO ok   br/history: 200 shows
2026-06-24 06:35:58,000 INFO ok   br/kids-family: 200 shows
2026-06-24 06:35:58,000 INFO ok   br/leisure: 200 shows
2026-06-24 06:35:59,000 INFO ok   br/music: 200 shows
2026-06-24 06:35:59,000 INFO ok   br/news: 200 shows
2026-06-24 06:35:59,000 INFO ok   br/religion-spirituality: 200 shows
2026-06-24 06:36:00,000 INFO ok   br/science: 200 shows
2026-06-24 06:36:00,000 INFO ok   br/society-culture: 200 shows
2026-06-24 06:36:00,000 INFO ok   br/sports: 200 shows
2026-06-24 06:36:01,000 INFO ok   br/technology: 200 shows
2026-06-24 06:36:01,000 INFO ok   br/true-crime: 200 shows
2026-06-24 06:36:01,000 INFO ok   br/tv-film: 200 shows
2026-06-24 06:36:01,000 INFO ok   mx/top: 200 shows
2026-06-24 06:36:02,000 INFO ok   mx/arts: 200 shows
2026-06-24 06:36:02,000 INFO ok   mx/business: 200 shows
2026-06-24 06:36:03,000 INFO ok   mx/comedy: 200 shows
2026-06-24 06:36:03,000 INFO ok   mx/education: 200 shows
2026-06-24 06:36:03,000 INFO ok   mx/fiction: 200 shows
2026-06-24 06:36:04,000 INFO ok   mx/government: 200 shows
2026-06-24 06:36:04,000 INFO ok   mx/health-fitness: 200 shows
2026-06-24 06:36:04,000 INFO ok   mx/history: 200 shows
2026-06-24 06:36:05,000 INFO ok   mx/kids-family: 200 shows
2026-06-24 06:36:05,000 INFO ok   mx/leisure: 200 shows
2026-06-24 06:36:05,000 INFO ok   mx/music: 200 shows
2026-06-24 06:36:06,000 INFO ok   mx/religion-spirituality: 200 shows
2026-06-24 06:36:06,000 INFO ok   mx/news: 200 shows
2026-06-24 06:36:06,000 INFO ok   mx/science: 200 shows
2026-06-24 06:36:07,000 INFO ok   mx/society-culture: 200 shows
2026-06-24 06:36:07,000 INFO ok   mx/sports: 200 shows
2026-06-24 06:36:07,000 INFO ok   mx/technology: 200 shows
2026-06-24 06:36:08,000 INFO ok   mx/tv-film: 200 shows
2026-06-24 06:36:08,000 INFO ok   mx/true-crime: 200 shows
2026-06-24 06:36:08,000 INFO ok   jp/top: 200 shows
2026-06-24 06:36:09,000 INFO ok   jp/arts: 200 shows
2026-06-24 06:36:09,000 INFO ok   jp/business: 200 shows
2026-06-24 06:36:09,000 INFO ok   jp/comedy: 200 shows
2026-06-24 06:36:10,000 INFO ok   jp/education: 200 shows
2026-06-24 06:36:10,000 INFO ok   jp/fiction: 200 shows
2026-06-24 06:36:10,000 INFO ok   jp/government: 200 shows
2026-06-24 06:36:11,000 INFO ok   jp/health-fitness: 200 shows
2026-06-24 06:36:11,000 INFO ok   jp/history: 200 shows
2026-06-24 06:36:11,000 INFO ok   jp/kids-family: 200 shows
2026-06-24 06:36:12,000 INFO ok   jp/leisure: 200 shows
2026-06-24 06:36:12,000 INFO ok   jp/music: 200 shows
2026-06-24 06:36:12,000 INFO ok   jp/religion-spirituality: 200 shows
2026-06-24 06:36:13,000 INFO ok   jp/news: 200 shows
2026-06-24 06:36:13,000 INFO ok   jp/science: 200 shows
2026-06-24 06:36:13,000 INFO ok   jp/society-culture: 200 shows
2026-06-24 06:36:13,000 INFO ok   jp/sports: 200 shows
2026-06-24 06:36:14,000 INFO ok   jp/technology: 200 shows
2026-06-24 06:36:14,000 INFO ok   jp/true-crime: 200 shows
2026-06-24 06:36:15,000 INFO ok   jp/tv-film: 200 shows
2026-06-24 06:36:15,000 INFO Done. 240 ok, 0 failed.
