2026-06-23 14:51:14,075  INFO     loader start  run_date=2026-06-23  data_dir=C:\Users\Admin\Desktop\scripts\data
2026-06-23 14:51:14,191  INFO     ok   apple   AU/arts         loaded=200 skipped=0
2026-06-23 14:51:14,344  INFO     ok   apple   AU/business     loaded=200 skipped=0
2026-06-23 14:51:14,429  INFO     ok   apple   AU/comedy       loaded=200 skipped=0
2026-06-23 14:51:14,501  INFO     ok   apple   AU/education    loaded=200 skipped=0
2026-06-23 14:51:14,584  INFO     ok   apple   AU/fiction      loaded=200 skipped=0
2026-06-23 14:51:14,665  INFO     ok   apple   AU/government   loaded=200 skipped=0
2026-06-23 14:51:14,749  INFO     ok   apple   AU/health-fitness loaded=200 skipped=0
2026-06-23 14:51:14,840  INFO     ok   apple   AU/history      loaded=200 skipped=0
2026-06-23 14:51:14,946  INFO     ok   apple   AU/kids-family  loaded=200 skipped=0
2026-06-23 14:51:15,047  INFO     ok   apple   AU/leisure      loaded=200 skipped=0
2026-06-23 14:51:15,137  INFO     ok   apple   AU/music        loaded=200 skipped=0
2026-06-23 14:51:15,213  INFO     ok   apple   AU/news         loaded=200 skipped=0
2026-06-23 14:51:15,315  INFO     ok   apple   AU/religion-spirituality loaded=200 skipped=0
2026-06-23 14:51:15,399  INFO     ok   apple   AU/science      loaded=200 skipped=0
2026-06-23 14:51:15,493  INFO     ok   apple   AU/society-culture loaded=200 skipped=0
2026-06-23 14:51:15,586  INFO     ok   apple   AU/sports       loaded=200 skipped=0
2026-06-23 14:51:15,685  INFO     ok   apple   AU/technology   loaded=200 skipped=0
2026-06-23 14:51:15,778  INFO     ok   apple   AU/top          loaded=200 skipped=0
2026-06-23 14:51:15,865  INFO     ok   apple   AU/true-crime   loaded=200 skipped=0
2026-06-23 14:51:15,957  INFO     ok   apple   AU/tv-film      loaded=200 skipped=0
2026-06-23 14:51:16,038  INFO     ok   apple   BR/arts         loaded=200 skipped=0
2026-06-23 14:51:16,125  INFO     ok   apple   BR/business     loaded=200 skipped=0
2026-06-23 14:51:16,221  INFO     ok   apple   BR/comedy       loaded=200 skipped=0
2026-06-23 14:51:16,315  INFO     ok   apple   BR/education    loaded=200 skipped=0
2026-06-23 14:51:16,406  INFO     ok   apple   BR/fiction      loaded=200 skipped=0
2026-06-23 14:51:16,481  INFO     ok   apple   BR/government   loaded=200 skipped=0
2026-06-23 14:51:16,568  INFO     ok   apple   BR/health-fitness loaded=200 skipped=0
2026-06-23 14:51:16,664  INFO     ok   apple   BR/history      loaded=200 skipped=0
2026-06-23 14:51:16,742  INFO     ok   apple   BR/kids-family  loaded=200 skipped=0
2026-06-23 14:51:16,826  INFO     ok   apple   BR/leisure      loaded=200 skipped=0
2026-06-23 14:51:16,921  INFO     ok   apple   BR/music        loaded=200 skipped=0
2026-06-23 14:51:17,003  INFO     ok   apple   BR/news         loaded=200 skipped=0
2026-06-23 14:51:17,094  INFO     ok   apple   BR/religion-spirituality loaded=200 skipped=0
2026-06-23 14:51:17,195  INFO     ok   apple   BR/science      loaded=200 skipped=0
2026-06-23 14:51:17,305  INFO     ok   apple   BR/society-culture loaded=200 skipped=0
2026-06-23 14:51:17,407  INFO     ok   apple   BR/sports       loaded=200 skipped=0
2026-06-23 14:51:17,499  INFO     ok   apple   BR/technology   loaded=200 skipped=0
2026-06-23 14:51:17,586  INFO     ok   apple   BR/top          loaded=200 skipped=0
2026-06-23 14:51:17,673  INFO     ok   apple   BR/true-crime   loaded=200 skipped=0
2026-06-23 14:51:17,765  INFO     ok   apple   BR/tv-film      loaded=200 skipped=0
2026-06-23 14:51:17,848  INFO     ok   apple   CA/arts         loaded=200 skipped=0
2026-06-23 14:51:17,920  INFO     ok   apple   CA/business     loaded=200 skipped=0
2026-06-23 14:51:18,011  INFO     ok   apple   CA/comedy       loaded=200 skipped=0
2026-06-23 14:51:18,105  INFO     ok   apple   CA/education    loaded=200 skipped=0
2026-06-23 14:51:18,191  INFO     ok   apple   CA/fiction      loaded=200 skipped=0
2026-06-23 14:51:18,273  INFO     ok   apple   CA/government   loaded=200 skipped=0
2026-06-23 14:51:18,355  INFO     ok   apple   CA/health-fitness loaded=200 skipped=0
2026-06-23 14:51:18,446  INFO     ok   apple   CA/history      loaded=200 skipped=0
2026-06-23 14:51:18,540  INFO     ok   apple   CA/kids-family  loaded=200 skipped=0
2026-06-23 14:51:18,633  INFO     ok   apple   CA/leisure      loaded=200 skipped=0
2026-06-23 14:51:18,718  INFO     ok   apple   CA/music        loaded=200 skipped=0
2026-06-23 14:51:18,809  INFO     ok   apple   CA/news         loaded=200 skipped=0
2026-06-23 14:51:18,886  INFO     ok   apple   CA/religion-spirituality loaded=200 skipped=0
2026-06-23 14:51:18,975  INFO     ok   apple   CA/science      loaded=200 skipped=0
2026-06-23 14:51:19,059  INFO     ok   apple   CA/society-culture loaded=200 skipped=0
2026-06-23 14:51:19,142  INFO     ok   apple   CA/sports       loaded=200 skipped=0
2026-06-23 14:51:19,239  INFO     ok   apple   CA/technology   loaded=200 skipped=0
2026-06-23 14:51:19,318  INFO     ok   apple   CA/top          loaded=200 skipped=0
2026-06-23 14:51:19,395  INFO     ok   apple   CA/true-crime   loaded=200 skipped=0
2026-06-23 14:51:19,490  INFO     ok   apple   CA/tv-film      loaded=200 skipped=0
2026-06-23 14:51:19,567  INFO     ok   apple   DE/arts         loaded=200 skipped=0
2026-06-23 14:51:19,673  INFO     ok   apple   DE/business     loaded=200 skipped=0
2026-06-23 14:51:19,765  INFO     ok   apple   DE/comedy       loaded=200 skipped=0
2026-06-23 14:51:19,859  INFO     ok   apple   DE/education    loaded=200 skipped=0
2026-06-23 14:51:19,974  INFO     ok   apple   DE/fiction      loaded=200 skipped=0
2026-06-23 14:51:20,084  INFO     ok   apple   DE/government   loaded=200 skipped=0
2026-06-23 14:51:20,189  INFO     ok   apple   DE/health-fitness loaded=200 skipped=0
2026-06-23 14:51:20,308  INFO     ok   apple   DE/history      loaded=200 skipped=0
2026-06-23 14:51:20,403  INFO     ok   apple   DE/kids-family  loaded=200 skipped=0
2026-06-23 14:51:20,499  INFO     ok   apple   DE/leisure      loaded=200 skipped=0
2026-06-23 14:51:20,593  INFO     ok   apple   DE/music        loaded=200 skipped=0
2026-06-23 14:51:20,703  INFO     ok   apple   DE/news         loaded=200 skipped=0
2026-06-23 14:51:20,798  INFO     ok   apple   DE/religion-spirituality loaded=200 skipped=0
2026-06-23 14:51:20,896  INFO     ok   apple   DE/science      loaded=200 skipped=0
2026-06-23 14:51:20,996  INFO     ok   apple   DE/society-culture loaded=200 skipped=0
2026-06-23 14:51:21,094  INFO     ok   apple   DE/sports       loaded=200 skipped=0
2026-06-23 14:51:21,197  INFO     ok   apple   DE/technology   loaded=200 skipped=0
2026-06-23 14:51:21,308  INFO     ok   apple   DE/top          loaded=200 skipped=0
2026-06-23 14:51:21,390  INFO     ok   apple   DE/true-crime   loaded=200 skipped=0
2026-06-23 14:51:21,494  INFO     ok   apple   DE/tv-film      loaded=200 skipped=0
2026-06-23 14:51:21,593  INFO     ok   apple   ES/arts         loaded=200 skipped=0
2026-06-23 14:51:21,698  INFO     ok   apple   ES/business     loaded=200 skipped=0
2026-06-23 14:51:21,795  INFO     ok   apple   ES/comedy       loaded=200 skipped=0
2026-06-23 14:51:21,892  INFO     ok   apple   ES/education    loaded=200 skipped=0
2026-06-23 14:51:21,995  INFO     ok   apple   ES/fiction      loaded=200 skipped=0
2026-06-23 14:51:22,089  INFO     ok   apple   ES/government   loaded=200 skipped=0
2026-06-23 14:51:22,193  INFO     ok   apple   ES/health-fitness loaded=200 skipped=0
2026-06-23 14:51:22,321  INFO     ok   apple   ES/history      loaded=200 skipped=0
2026-06-23 14:51:22,421  INFO     ok   apple   ES/kids-family  loaded=200 skipped=0
2026-06-23 14:51:22,513  INFO     ok   apple   ES/leisure      loaded=200 skipped=0
2026-06-23 14:51:22,607  INFO     ok   apple   ES/music        loaded=200 skipped=0
2026-06-23 14:51:22,703  INFO     ok   apple   ES/news         loaded=200 skipped=0
2026-06-23 14:51:22,799  INFO     ok   apple   ES/religion-spirituality loaded=200 skipped=0
2026-06-23 14:51:22,897  INFO     ok   apple   ES/science      loaded=200 skipped=0
2026-06-23 14:51:22,993  INFO     ok   apple   ES/society-culture loaded=200 skipped=0
2026-06-23 14:51:23,072  INFO     ok   apple   ES/sports       loaded=200 skipped=0
2026-06-23 14:51:23,172  INFO     ok   apple   ES/technology   loaded=200 skipped=0
2026-06-23 14:51:23,277  INFO     ok   apple   ES/top          loaded=200 skipped=0
2026-06-23 14:51:23,376  INFO     ok   apple   ES/true-crime   loaded=200 skipped=0
2026-06-23 14:51:23,472  INFO     ok   apple   ES/tv-film      loaded=200 skipped=0
2026-06-23 14:51:23,565  INFO     ok   apple   FR/arts         loaded=200 skipped=0
2026-06-23 14:51:23,650  INFO     ok   apple   FR/business     loaded=200 skipped=0
2026-06-23 14:51:23,738  INFO     ok   apple   FR/comedy       loaded=200 skipped=0
2026-06-23 14:51:23,826  INFO     ok   apple   FR/education    loaded=200 skipped=0
2026-06-23 14:51:23,914  INFO     ok   apple   FR/fiction      loaded=200 skipped=0
2026-06-23 14:51:23,999  INFO     ok   apple   FR/government   loaded=200 skipped=0
2026-06-23 14:51:24,085  INFO     ok   apple   FR/health-fitness loaded=200 skipped=0
2026-06-23 14:51:24,180  INFO     ok   apple   FR/history      loaded=200 skipped=0
2026-06-23 14:51:24,270  INFO     ok   apple   FR/kids-family  loaded=200 skipped=0
2026-06-23 14:51:24,352  INFO     ok   apple   FR/leisure      loaded=200 skipped=0
2026-06-23 14:51:24,444  INFO     ok   apple   FR/music        loaded=200 skipped=0
2026-06-23 14:51:24,538  INFO     ok   apple   FR/news         loaded=200 skipped=0
2026-06-23 14:51:24,564  INFO     ok   apple   FR/religion-spirituality loaded=200 skipped=0
2026-06-23 14:51:24,585  INFO     ok   apple   FR/science      loaded=200 skipped=0
2026-06-23 14:51:24,664  INFO     ok   apple   FR/society-culture loaded=200 skipped=0
2026-06-23 14:51:24,768  INFO     ok   apple   FR/sports       loaded=200 skipped=0
2026-06-23 14:51:24,863  INFO     ok   apple   FR/technology   loaded=200 skipped=0
2026-06-23 14:51:24,957  INFO     ok   apple   FR/top          loaded=200 skipped=0
2026-06-23 14:51:25,044  INFO     ok   apple   FR/true-crime   loaded=200 skipped=0
2026-06-23 14:51:25,139  INFO     ok   apple   FR/tv-film      loaded=200 skipped=0
2026-06-23 14:51:25,234  INFO     ok   apple   GB/arts         loaded=200 skipped=0
2026-06-23 14:51:25,326  INFO     ok   apple   GB/business     loaded=200 skipped=0
2026-06-23 14:51:25,394  INFO     ok   apple   GB/comedy       loaded=200 skipped=0
2026-06-23 14:51:25,492  INFO     ok   apple   GB/education    loaded=200 skipped=0
2026-06-23 14:51:25,581  INFO     ok   apple   GB/fiction      loaded=200 skipped=0
2026-06-23 14:51:25,671  INFO     ok   apple   GB/government   loaded=200 skipped=0
2026-06-23 14:51:25,768  INFO     ok   apple   GB/health-fitness loaded=200 skipped=0
2026-06-23 14:51:25,864  INFO     ok   apple   GB/history      loaded=200 skipped=0
2026-06-23 14:51:25,961  INFO     ok   apple   GB/kids-family  loaded=200 skipped=0
2026-06-23 14:51:26,063  INFO     ok   apple   GB/leisure      loaded=200 skipped=0
2026-06-23 14:51:26,148  INFO     ok   apple   GB/music        loaded=178 skipped=0
2026-06-23 14:51:26,246  INFO     ok   apple   GB/news         loaded=200 skipped=0
2026-06-23 14:51:26,347  INFO     ok   apple   GB/religion-spirituality loaded=200 skipped=0
2026-06-23 14:51:26,443  INFO     ok   apple   GB/science      loaded=200 skipped=0
2026-06-23 14:51:26,551  INFO     ok   apple   GB/society-culture loaded=200 skipped=0
2026-06-23 14:51:26,660  INFO     ok   apple   GB/sports       loaded=200 skipped=0
2026-06-23 14:51:26,759  INFO     ok   apple   GB/technology   loaded=200 skipped=0
2026-06-23 14:51:26,795  INFO     ok   apple   GB/top          loaded=200 skipped=0
2026-06-23 14:51:26,852  INFO     ok   apple   GB/true-crime   loaded=200 skipped=0
2026-06-23 14:51:26,955  INFO     ok   apple   GB/tv-film      loaded=200 skipped=0
2026-06-23 14:51:27,057  INFO     ok   apple   IN/arts         loaded=200 skipped=0
2026-06-23 14:51:27,118  INFO     ok   apple   IN/business     loaded=200 skipped=0
2026-06-23 14:51:27,222  INFO     ok   apple   IN/comedy       loaded=200 skipped=0
2026-06-23 14:51:27,335  INFO     ok   apple   IN/education    loaded=200 skipped=0
2026-06-23 14:51:27,425  INFO     ok   apple   IN/fiction      loaded=200 skipped=0
2026-06-23 14:51:27,536  INFO     ok   apple   IN/government   loaded=200 skipped=0
2026-06-23 14:51:27,633  INFO     ok   apple   IN/health-fitness loaded=200 skipped=0
2026-06-23 14:51:27,728  INFO     ok   apple   IN/history      loaded=200 skipped=0
2026-06-23 14:51:27,832  INFO     ok   apple   IN/kids-family  loaded=200 skipped=0
2026-06-23 14:51:27,931  INFO     ok   apple   IN/leisure      loaded=200 skipped=0
2026-06-23 14:51:28,035  INFO     ok   apple   IN/music        loaded=200 skipped=0
2026-06-23 14:51:28,128  INFO     ok   apple   IN/news         loaded=200 skipped=0
2026-06-23 14:51:28,229  INFO     ok   apple   IN/religion-spirituality loaded=200 skipped=0
2026-06-23 14:51:28,335  INFO     ok   apple   IN/science      loaded=200 skipped=0
2026-06-23 14:51:28,434  INFO     ok   apple   IN/society-culture loaded=200 skipped=0
2026-06-23 14:51:28,537  INFO     ok   apple   IN/sports       loaded=200 skipped=0
2026-06-23 14:51:28,641  INFO     ok   apple   IN/technology   loaded=200 skipped=0
2026-06-23 14:51:28,722  INFO     ok   apple   IN/top          loaded=200 skipped=0
2026-06-23 14:51:28,819  INFO     ok   apple   IN/true-crime   loaded=200 skipped=0
2026-06-23 14:51:28,914  INFO     ok   apple   IN/tv-film      loaded=200 skipped=0
2026-06-23 14:51:29,024  INFO     ok   apple   IT/arts         loaded=200 skipped=0
2026-06-23 14:51:29,122  INFO     ok   apple   IT/business     loaded=200 skipped=0
2026-06-23 14:51:29,221  INFO     ok   apple   IT/comedy       loaded=200 skipped=0
2026-06-23 14:51:29,339  INFO     ok   apple   IT/education    loaded=200 skipped=0
2026-06-23 14:51:29,433  INFO     ok   apple   IT/fiction      loaded=200 skipped=0
2026-06-23 14:51:29,532  INFO     ok   apple   IT/government   loaded=200 skipped=0
2026-06-23 14:51:29,633  INFO     ok   apple   IT/health-fitness loaded=200 skipped=0
2026-06-23 14:51:29,725  INFO     ok   apple   IT/history      loaded=200 skipped=0
2026-06-23 14:51:29,832  INFO     ok   apple   IT/kids-family  loaded=200 skipped=0
2026-06-23 14:51:29,936  INFO     ok   apple   IT/leisure      loaded=200 skipped=0
2026-06-23 14:51:30,033  INFO     ok   apple   IT/music        loaded=200 skipped=0
2026-06-23 14:51:30,131  INFO     ok   apple   IT/news         loaded=200 skipped=0
2026-06-23 14:51:30,233  INFO     ok   apple   IT/religion-spirituality loaded=200 skipped=0
2026-06-23 14:51:30,342  INFO     ok   apple   IT/science      loaded=200 skipped=0
2026-06-23 14:51:30,455  INFO     ok   apple   IT/society-culture loaded=200 skipped=0
2026-06-23 14:51:30,558  INFO     ok   apple   IT/sports       loaded=200 skipped=0
2026-06-23 14:51:30,659  INFO     ok   apple   IT/technology   loaded=200 skipped=0
2026-06-23 14:51:30,764  INFO     ok   apple   IT/top          loaded=200 skipped=0
2026-06-23 14:51:30,865  INFO     ok   apple   IT/true-crime   loaded=200 skipped=0
2026-06-23 14:51:30,960  INFO     ok   apple   IT/tv-film      loaded=200 skipped=0
2026-06-23 14:51:31,062  INFO     ok   apple   JP/arts         loaded=200 skipped=0
2026-06-23 14:51:31,153  INFO     ok   apple   JP/business     loaded=200 skipped=0
2026-06-23 14:51:31,256  INFO     ok   apple   JP/comedy       loaded=200 skipped=0
2026-06-23 14:51:31,360  INFO     ok   apple   JP/education    loaded=200 skipped=0
2026-06-23 14:51:31,467  INFO     ok   apple   JP/fiction      loaded=200 skipped=0
2026-06-23 14:51:31,563  INFO     ok   apple   JP/government   loaded=200 skipped=0
2026-06-23 14:51:31,679  INFO     ok   apple   JP/health-fitness loaded=200 skipped=0
2026-06-23 14:51:31,769  INFO     ok   apple   JP/history      loaded=200 skipped=0
2026-06-23 14:51:31,863  INFO     ok   apple   JP/kids-family  loaded=200 skipped=0
2026-06-23 14:51:31,913  INFO     ok   apple   JP/leisure      loaded=200 skipped=0
2026-06-23 14:51:31,968  INFO     ok   apple   JP/music        loaded=200 skipped=0
2026-06-23 14:51:32,065  INFO     ok   apple   JP/news         loaded=200 skipped=0
2026-06-23 14:51:32,188  INFO     ok   apple   JP/religion-spirituality loaded=200 skipped=0
2026-06-23 14:51:32,294  INFO     ok   apple   JP/science      loaded=200 skipped=0
2026-06-23 14:51:32,402  INFO     ok   apple   JP/society-culture loaded=200 skipped=0
2026-06-23 14:51:32,499  INFO     ok   apple   JP/sports       loaded=200 skipped=0
2026-06-23 14:51:32,607  INFO     ok   apple   JP/technology   loaded=200 skipped=0
2026-06-23 14:51:32,705  INFO     ok   apple   JP/top          loaded=200 skipped=0
2026-06-23 14:51:32,802  INFO     ok   apple   JP/true-crime   loaded=200 skipped=0
2026-06-23 14:51:32,903  INFO     ok   apple   JP/tv-film      loaded=200 skipped=0
2026-06-23 14:51:32,985  INFO     ok   apple   MX/arts         loaded=200 skipped=0
2026-06-23 14:51:33,098  INFO     ok   apple   MX/business     loaded=200 skipped=0
2026-06-23 14:51:33,176  INFO     ok   apple   MX/comedy       loaded=200 skipped=0
2026-06-23 14:51:33,249  INFO     ok   apple   MX/education    loaded=200 skipped=0
2026-06-23 14:51:33,335  INFO     ok   apple   MX/fiction      loaded=200 skipped=0
2026-06-23 14:51:33,376  INFO     ok   apple   MX/government   loaded=200 skipped=0
2026-06-23 14:51:33,433  INFO     ok   apple   MX/health-fitness loaded=200 skipped=0
2026-06-23 14:51:33,482  INFO     ok   apple   MX/history      loaded=200 skipped=0
2026-06-23 14:51:33,543  INFO     ok   apple   MX/kids-family  loaded=200 skipped=0
2026-06-23 14:51:33,614  INFO     ok   apple   MX/leisure      loaded=200 skipped=0
2026-06-23 14:51:33,670  INFO     ok   apple   MX/music        loaded=200 skipped=0
2026-06-23 14:51:33,735  INFO     ok   apple   MX/news         loaded=200 skipped=0
2026-06-23 14:51:33,841  INFO     ok   apple   MX/religion-spirituality loaded=200 skipped=0
2026-06-23 14:51:33,941  INFO     ok   apple   MX/science      loaded=200 skipped=0
2026-06-23 14:51:34,050  INFO     ok   apple   MX/society-culture loaded=200 skipped=0
2026-06-23 14:51:34,150  INFO     ok   apple   MX/sports       loaded=200 skipped=0
2026-06-23 14:51:34,256  INFO     ok   apple   MX/technology   loaded=200 skipped=0
2026-06-23 14:51:34,342  INFO     ok   apple   MX/top          loaded=200 skipped=0
2026-06-23 14:51:34,450  INFO     ok   apple   MX/true-crime   loaded=200 skipped=0
2026-06-23 14:51:34,553  INFO     ok   apple   MX/tv-film      loaded=200 skipped=0
2026-06-23 14:51:34,652  INFO     ok   apple   US/arts         loaded=200 skipped=0
2026-06-23 14:51:34,748  INFO     ok   apple   US/business     loaded=200 skipped=0
2026-06-23 14:51:34,847  INFO     ok   apple   US/comedy       loaded=200 skipped=0
2026-06-23 14:51:34,953  INFO     ok   apple   US/education    loaded=200 skipped=0
2026-06-23 14:51:35,062  INFO     ok   apple   US/fiction      loaded=200 skipped=0
2026-06-23 14:51:35,171  INFO     ok   apple   US/government   loaded=200 skipped=0
2026-06-23 14:51:35,275  INFO     ok   apple   US/health-fitness loaded=200 skipped=0
2026-06-23 14:51:35,357  INFO     ok   apple   US/history      loaded=200 skipped=0
2026-06-23 14:51:35,446  INFO     ok   apple   US/kids-family  loaded=200 skipped=0
2026-06-23 14:51:35,552  INFO     ok   apple   US/leisure      loaded=200 skipped=0
2026-06-23 14:51:35,647  INFO     ok   apple   US/music        loaded=200 skipped=0
2026-06-23 14:51:35,766  INFO     ok   apple   US/news         loaded=200 skipped=0
2026-06-23 14:51:35,889  INFO     ok   apple   US/religion-spirituality loaded=200 skipped=0
2026-06-23 14:51:36,006  INFO     ok   apple   US/science      loaded=200 skipped=0
2026-06-23 14:51:36,126  INFO     ok   apple   US/society-culture loaded=200 skipped=0
2026-06-23 14:51:36,248  INFO     ok   apple   US/sports       loaded=200 skipped=0
2026-06-23 14:51:36,360  INFO     ok   apple   US/technology   loaded=200 skipped=0
2026-06-23 14:51:36,445  INFO     ok   apple   US/top          loaded=200 skipped=0
2026-06-23 14:51:36,531  INFO     ok   apple   US/true-crime   loaded=200 skipped=0
2026-06-23 14:51:36,655  INFO     ok   apple   US/tv-film      loaded=200 skipped=0
2026-06-23 14:51:36,756  INFO     ok   spotify AR/top-podcasts loaded=200 skipped=0
2026-06-23 14:51:36,862  INFO     ok   spotify AR/trending     loaded=200 skipped=0
2026-06-23 14:51:36,892  INFO     ok   spotify AU/arts         loaded=50 skipped=0
2026-06-23 14:51:36,925  INFO     ok   spotify AU/business     loaded=50 skipped=0
2026-06-23 14:51:36,950  INFO     ok   spotify AU/comedy       loaded=50 skipped=0
2026-06-23 14:51:36,981  INFO     ok   spotify AU/education    loaded=50 skipped=0
2026-06-23 14:51:37,013  INFO     ok   spotify AU/fiction      loaded=50 skipped=0
2026-06-23 14:51:37,038  INFO     ok   spotify AU/health-fitness loaded=50 skipped=0
2026-06-23 14:51:37,065  INFO     ok   spotify AU/history      loaded=50 skipped=0
2026-06-23 14:51:37,085  INFO     ok   spotify AU/leisure      loaded=50 skipped=0
2026-06-23 14:51:37,103  INFO     ok   spotify AU/music        loaded=50 skipped=0
2026-06-23 14:51:37,119  INFO     ok   spotify AU/news         loaded=50 skipped=0
2026-06-23 14:51:37,132  INFO     ok   spotify AU/religion-spirituality loaded=50 skipped=0
2026-06-23 14:51:37,154  INFO     ok   spotify AU/science      loaded=50 skipped=0
2026-06-23 14:51:37,164  INFO     ok   spotify AU/society-culture loaded=50 skipped=0
2026-06-23 14:51:37,176  INFO     ok   spotify AU/sports       loaded=50 skipped=0
2026-06-23 14:51:37,186  INFO     ok   spotify AU/technology   loaded=50 skipped=0
2026-06-23 14:51:37,289  INFO     ok   spotify AU/top-podcasts loaded=200 skipped=0
2026-06-23 14:51:37,335  INFO     ok   spotify AU/trending     loaded=200 skipped=0
2026-06-23 14:51:37,345  INFO     ok   spotify AU/true-crime   loaded=50 skipped=0
2026-06-23 14:51:37,361  INFO     ok   spotify AU/tv-film      loaded=50 skipped=0
2026-06-23 14:51:37,380  INFO     ok   spotify BR/arts         loaded=50 skipped=0
2026-06-23 14:51:37,389  INFO     ok   spotify BR/business     loaded=50 skipped=0
2026-06-23 14:51:37,408  INFO     ok   spotify BR/comedy       loaded=50 skipped=0
2026-06-23 14:51:37,426  INFO     ok   spotify BR/education    loaded=50 skipped=0
2026-06-23 14:51:37,435  INFO     ok   spotify BR/fiction      loaded=50 skipped=0
2026-06-23 14:51:37,453  INFO     ok   spotify BR/health-fitness loaded=50 skipped=0
2026-06-23 14:51:37,471  INFO     ok   spotify BR/history      loaded=50 skipped=0
2026-06-23 14:51:37,489  INFO     ok   spotify BR/leisure      loaded=50 skipped=0
2026-06-23 14:51:37,502  INFO     ok   spotify BR/music        loaded=50 skipped=0
2026-06-23 14:51:37,510  INFO     ok   spotify BR/news         loaded=50 skipped=0
2026-06-23 14:51:37,522  INFO     ok   spotify BR/religion-spirituality loaded=50 skipped=0
2026-06-23 14:51:37,540  INFO     ok   spotify BR/science      loaded=50 skipped=0
2026-06-23 14:51:37,550  INFO     ok   spotify BR/society-culture loaded=50 skipped=0
2026-06-23 14:51:37,560  INFO     ok   spotify BR/sports       loaded=50 skipped=0
2026-06-23 14:51:37,572  INFO     ok   spotify BR/technology   loaded=50 skipped=0
2026-06-23 14:51:37,610  INFO     ok   spotify BR/top-podcasts loaded=200 skipped=0
2026-06-23 14:51:37,645  INFO     ok   spotify BR/trending     loaded=200 skipped=0
2026-06-23 14:51:37,654  INFO     ok   spotify BR/true-crime   loaded=50 skipped=0
2026-06-23 14:51:37,662  INFO     ok   spotify BR/tv-film      loaded=50 skipped=0
2026-06-23 14:51:37,726  INFO     ok   spotify CA/top-podcasts loaded=200 skipped=0
2026-06-23 14:51:37,797  INFO     ok   spotify CA/trending     loaded=200 skipped=0
2026-06-23 14:51:37,897  INFO     ok   spotify CL/top-podcasts loaded=200 skipped=0
2026-06-23 14:51:37,952  INFO     ok   spotify CL/trending     loaded=200 skipped=0
2026-06-23 14:51:38,053  INFO     ok   spotify CO/top-podcasts loaded=200 skipped=0
2026-06-23 14:51:38,150  INFO     ok   spotify CO/trending     loaded=200 skipped=0
2026-06-23 14:51:38,160  INFO     ok   spotify DE/arts         loaded=50 skipped=0
2026-06-23 14:51:38,175  INFO     ok   spotify DE/business     loaded=50 skipped=0
2026-06-23 14:51:38,186  INFO     ok   spotify DE/comedy       loaded=50 skipped=0
2026-06-23 14:51:38,197  INFO     ok   spotify DE/education    loaded=50 skipped=0
2026-06-23 14:51:38,206  INFO     ok   spotify DE/fiction      loaded=50 skipped=0
2026-06-23 14:51:38,217  INFO     ok   spotify DE/health-fitness loaded=50 skipped=0
2026-06-23 14:51:38,237  INFO     ok   spotify DE/history      loaded=50 skipped=0
2026-06-23 14:51:38,254  INFO     ok   spotify DE/leisure      loaded=50 skipped=0
2026-06-23 14:51:38,287  INFO     ok   spotify DE/music        loaded=50 skipped=0
2026-06-23 14:51:38,313  INFO     ok   spotify DE/news         loaded=50 skipped=0
2026-06-23 14:51:38,346  INFO     ok   spotify DE/religion-spirituality loaded=50 skipped=0
2026-06-23 14:51:38,362  INFO     ok   spotify DE/science      loaded=50 skipped=0
2026-06-23 14:51:38,377  INFO     ok   spotify DE/society-culture loaded=50 skipped=0
2026-06-23 14:51:38,386  INFO     ok   spotify DE/sports       loaded=50 skipped=0
2026-06-23 14:51:38,403  INFO     ok   spotify DE/technology   loaded=50 skipped=0
2026-06-23 14:51:38,476  INFO     ok   spotify DE/top-podcasts loaded=200 skipped=0
2026-06-23 14:51:38,528  INFO     ok   spotify DE/trending     loaded=200 skipped=0
2026-06-23 14:51:38,554  INFO     ok   spotify DE/true-crime   loaded=50 skipped=0
2026-06-23 14:51:38,572  INFO     ok   spotify DE/tv-film      loaded=50 skipped=0
2026-06-23 14:51:38,633  INFO     ok   spotify ES/top-podcasts loaded=200 skipped=0
2026-06-23 14:51:38,694  INFO     ok   spotify ES/trending     loaded=200 skipped=0
2026-06-23 14:51:38,776  INFO     ok   spotify FR/top-podcasts loaded=200 skipped=0
2026-06-23 14:51:38,831  INFO     ok   spotify FR/trending     loaded=200 skipped=0
2026-06-23 14:51:38,840  INFO     ok   spotify GB/arts         loaded=50 skipped=0
2026-06-23 14:51:38,851  INFO     ok   spotify GB/business     loaded=50 skipped=0
2026-06-23 14:51:38,861  INFO     ok   spotify GB/comedy       loaded=50 skipped=0
2026-06-23 14:51:38,872  INFO     ok   spotify GB/education    loaded=50 skipped=0
2026-06-23 14:51:38,893  INFO     ok   spotify GB/fiction      loaded=50 skipped=0
2026-06-23 14:51:38,923  INFO     ok   spotify GB/health-fitness loaded=50 skipped=0
2026-06-23 14:51:38,940  INFO     ok   spotify GB/history      loaded=50 skipped=0
2026-06-23 14:51:38,964  INFO     ok   spotify GB/leisure      loaded=50 skipped=0
2026-06-23 14:51:38,977  INFO     ok   spotify GB/music        loaded=50 skipped=0
2026-06-23 14:51:38,999  INFO     ok   spotify GB/news         loaded=50 skipped=0
2026-06-23 14:51:39,021  INFO     ok   spotify GB/religion-spirituality loaded=50 skipped=0
2026-06-23 14:51:39,045  INFO     ok   spotify GB/science      loaded=50 skipped=0
2026-06-23 14:51:39,062  INFO     ok   spotify GB/society-culture loaded=50 skipped=0
2026-06-23 14:51:39,080  INFO     ok   spotify GB/sports       loaded=50 skipped=0
2026-06-23 14:51:39,115  INFO     ok   spotify GB/technology   loaded=50 skipped=0
2026-06-23 14:51:39,174  INFO     ok   spotify GB/top-podcasts loaded=200 skipped=0
2026-06-23 14:51:39,251  INFO     ok   spotify GB/trending     loaded=200 skipped=0
2026-06-23 14:51:39,269  INFO     ok   spotify GB/true-crime   loaded=50 skipped=0
2026-06-23 14:51:39,288  INFO     ok   spotify GB/tv-film      loaded=50 skipped=0
2026-06-23 14:51:39,370  INFO     ok   spotify ID/top-podcasts loaded=200 skipped=0
2026-06-23 14:51:39,439  INFO     ok   spotify ID/trending     loaded=200 skipped=0
2026-06-23 14:51:39,520  INFO     ok   spotify IE/top-podcasts loaded=200 skipped=0
2026-06-23 14:51:39,568  INFO     ok   spotify IE/trending     loaded=200 skipped=0
2026-06-23 14:51:39,619  INFO     ok   spotify IN/top-podcasts loaded=200 skipped=0
2026-06-23 14:51:39,688  INFO     ok   spotify IN/trending     loaded=200 skipped=0
2026-06-23 14:51:39,784  INFO     ok   spotify IT/top-podcasts loaded=200 skipped=0
2026-06-23 14:51:39,838  INFO     ok   spotify IT/trending     loaded=200 skipped=0
2026-06-23 14:51:39,912  INFO     ok   spotify JP/top-podcasts loaded=200 skipped=0
2026-06-23 14:51:39,978  INFO     ok   spotify JP/trending     loaded=200 skipped=0
2026-06-23 14:51:40,007  INFO     ok   spotify MX/arts         loaded=50 skipped=0
2026-06-23 14:51:40,024  INFO     ok   spotify MX/business     loaded=50 skipped=0
2026-06-23 14:51:40,036  INFO     ok   spotify MX/comedy       loaded=50 skipped=0
2026-06-23 14:51:40,048  INFO     ok   spotify MX/education    loaded=50 skipped=0
2026-06-23 14:51:40,058  INFO     ok   spotify MX/fiction      loaded=50 skipped=0
2026-06-23 14:51:40,081  INFO     ok   spotify MX/health-fitness loaded=50 skipped=0
2026-06-23 14:51:40,101  INFO     ok   spotify MX/history      loaded=50 skipped=0
2026-06-23 14:51:40,125  INFO     ok   spotify MX/leisure      loaded=50 skipped=0
2026-06-23 14:51:40,139  INFO     ok   spotify MX/music        loaded=50 skipped=0
2026-06-23 14:51:40,150  INFO     ok   spotify MX/news         loaded=50 skipped=0
2026-06-23 14:51:40,163  INFO     ok   spotify MX/religion-spirituality loaded=50 skipped=0
2026-06-23 14:51:40,174  INFO     ok   spotify MX/science      loaded=50 skipped=0
2026-06-23 14:51:40,183  INFO     ok   spotify MX/society-culture loaded=50 skipped=0
2026-06-23 14:51:40,197  INFO     ok   spotify MX/sports       loaded=50 skipped=0
2026-06-23 14:51:40,210  INFO     ok   spotify MX/technology   loaded=50 skipped=0
2026-06-23 14:51:40,276  INFO     ok   spotify MX/top-podcasts loaded=200 skipped=0
2026-06-23 14:51:40,354  INFO     ok   spotify MX/trending     loaded=200 skipped=0
2026-06-23 14:51:40,373  INFO     ok   spotify MX/true-crime   loaded=50 skipped=0
2026-06-23 14:51:40,387  INFO     ok   spotify MX/tv-film      loaded=50 skipped=0
2026-06-23 14:51:40,445  INFO     ok   spotify NL/top-podcasts loaded=200 skipped=0
2026-06-23 14:51:40,527  INFO     ok   spotify NL/trending     loaded=200 skipped=0
2026-06-23 14:51:40,598  INFO     ok   spotify NZ/top-podcasts loaded=200 skipped=0
2026-06-23 14:51:40,660  INFO     ok   spotify NZ/trending     loaded=200 skipped=0
2026-06-23 14:51:40,727  INFO     ok   spotify PH/top-podcasts loaded=200 skipped=0
2026-06-23 14:51:40,812  INFO     ok   spotify PH/trending     loaded=200 skipped=0
2026-06-23 14:51:40,832  INFO     ok   spotify SE/arts         loaded=50 skipped=0
2026-06-23 14:51:40,848  INFO     ok   spotify SE/business     loaded=50 skipped=0
2026-06-23 14:51:40,868  INFO     ok   spotify SE/comedy       loaded=50 skipped=0
2026-06-23 14:51:40,892  INFO     ok   spotify SE/education    loaded=50 skipped=0
2026-06-23 14:51:40,908  INFO     ok   spotify SE/fiction      loaded=50 skipped=0
2026-06-23 14:51:40,922  INFO     ok   spotify SE/health-fitness loaded=50 skipped=0
2026-06-23 14:51:40,933  INFO     ok   spotify SE/history      loaded=50 skipped=0
2026-06-23 14:51:40,945  INFO     ok   spotify SE/leisure      loaded=50 skipped=0
2026-06-23 14:51:40,955  INFO     ok   spotify SE/music        loaded=50 skipped=0
2026-06-23 14:51:40,966  INFO     ok   spotify SE/news         loaded=50 skipped=0
2026-06-23 14:51:40,980  INFO     ok   spotify SE/religion-spirituality loaded=50 skipped=0
2026-06-23 14:51:40,988  INFO     ok   spotify SE/science      loaded=50 skipped=0
2026-06-23 14:51:41,013  INFO     ok   spotify SE/society-culture loaded=50 skipped=0
2026-06-23 14:51:41,040  INFO     ok   spotify SE/sports       loaded=50 skipped=0
2026-06-23 14:51:41,058  INFO     ok   spotify SE/technology   loaded=50 skipped=0
2026-06-23 14:51:41,128  INFO     ok   spotify SE/top-podcasts loaded=200 skipped=0
2026-06-23 14:51:41,176  INFO     ok   spotify SE/trending     loaded=200 skipped=0
2026-06-23 14:51:41,192  INFO     ok   spotify SE/true-crime   loaded=50 skipped=0
2026-06-23 14:51:41,202  INFO     ok   spotify SE/tv-film      loaded=50 skipped=0
2026-06-23 14:51:41,210  INFO     ok   spotify US/arts         loaded=50 skipped=0
2026-06-23 14:51:41,218  INFO     ok   spotify US/business     loaded=50 skipped=0
2026-06-23 14:51:41,225  INFO     ok   spotify US/comedy       loaded=50 skipped=0
2026-06-23 14:51:41,233  INFO     ok   spotify US/education    loaded=50 skipped=0
2026-06-23 14:51:41,240  INFO     ok   spotify US/fiction      loaded=50 skipped=0
2026-06-23 14:51:41,248  INFO     ok   spotify US/health-fitness loaded=50 skipped=0
2026-06-23 14:51:41,256  INFO     ok   spotify US/history      loaded=50 skipped=0
2026-06-23 14:51:41,279  INFO     ok   spotify US/leisure      loaded=50 skipped=0
2026-06-23 14:51:41,293  INFO     ok   spotify US/music        loaded=50 skipped=0
2026-06-23 14:51:41,324  INFO     ok   spotify US/news         loaded=50 skipped=0
2026-06-23 14:51:41,344  INFO     ok   spotify US/religion-spirituality loaded=50 skipped=0
2026-06-23 14:51:41,358  INFO     ok   spotify US/science      loaded=50 skipped=0
2026-06-23 14:51:41,373  INFO     ok   spotify US/society-culture loaded=50 skipped=0
2026-06-23 14:51:41,396  INFO     ok   spotify US/sports       loaded=50 skipped=0
2026-06-23 14:51:41,415  INFO     ok   spotify US/technology   loaded=50 skipped=0
2026-06-23 14:51:41,475  INFO     ok   spotify US/top-podcasts loaded=200 skipped=0
2026-06-23 14:51:41,525  INFO     ok   spotify US/trending     loaded=200 skipped=0
2026-06-23 14:51:41,540  INFO     ok   spotify US/true-crime   loaded=50 skipped=0
2026-06-23 14:51:41,567  INFO     ok   spotify US/tv-film      loaded=50 skipped=0
2026-06-23 14:51:41,598  INFO     ok   youtube CA/top          loaded=100 skipped=0
2026-06-23 14:51:41,616  INFO     ok   youtube MX/top          loaded=100 skipped=0
2026-06-23 14:51:41,627  INFO     ok   youtube US/top          loaded=100 skipped=0
2026-06-23 14:51:41,628  INFO     loader done  files=404 ok=404 skipped=0 rows_loaded=62628 rows_skipped=0
2026-06-23 14:51:41,628  INFO     manifest -> logs\manifest_2026-06-23.json
