2026-06-25 11:28:54,000  INFO     loader start  run_date=2026-06-25  data_dir=C:\Users\Admin\Desktop\scripts/data
2026-06-25 11:28:54,000  INFO     ok   apple   AU/arts         loaded=200 skipped=0
2026-06-25 11:28:54,000  INFO     ok   apple   AU/business     loaded=200 skipped=0
2026-06-25 11:28:54,000  INFO     ok   apple   AU/comedy       loaded=200 skipped=0
2026-06-25 11:28:54,000  INFO     ok   apple   AU/education    loaded=200 skipped=0
2026-06-25 11:28:55,000  INFO     ok   apple   AU/fiction      loaded=200 skipped=0
2026-06-25 11:28:55,000  INFO     ok   apple   AU/government   loaded=200 skipped=0
2026-06-25 11:28:55,000  INFO     ok   apple   AU/health-fitness loaded=200 skipped=0
2026-06-25 11:28:55,000  INFO     ok   apple   AU/history      loaded=200 skipped=0
2026-06-25 11:28:55,000  INFO     ok   apple   AU/kids-family  loaded=200 skipped=0
2026-06-25 11:28:55,000  INFO     ok   apple   AU/leisure      loaded=200 skipped=0
2026-06-25 11:28:55,000  INFO     ok   apple   AU/music        loaded=200 skipped=0
2026-06-25 11:28:55,000  INFO     ok   apple   AU/news         loaded=200 skipped=0
2026-06-25 11:28:55,000  INFO     ok   apple   AU/religion-spirituality loaded=200 skipped=0
2026-06-25 11:28:55,000  INFO     ok   apple   AU/science      loaded=200 skipped=0
2026-06-25 11:28:55,000  INFO     ok   apple   AU/society-culture loaded=200 skipped=0
2026-06-25 11:28:55,000  INFO     ok   apple   AU/sports       loaded=200 skipped=0
2026-06-25 11:28:56,000  INFO     ok   apple   AU/technology   loaded=200 skipped=0
2026-06-25 11:28:56,000  INFO     ok   apple   AU/top          loaded=200 skipped=0
2026-06-25 11:28:56,000  INFO     ok   apple   AU/true-crime   loaded=200 skipped=0
2026-06-25 11:28:56,000  INFO     ok   apple   AU/tv-film      loaded=200 skipped=0
2026-06-25 11:28:56,000  INFO     ok   apple   BR/arts         loaded=200 skipped=0
2026-06-25 11:28:56,000  INFO     ok   apple   BR/business     loaded=200 skipped=0
2026-06-25 11:28:56,000  INFO     ok   apple   BR/comedy       loaded=200 skipped=0
2026-06-25 11:28:56,000  INFO     ok   apple   BR/education    loaded=200 skipped=0
2026-06-25 11:28:56,000  INFO     ok   apple   BR/fiction      loaded=200 skipped=0
2026-06-25 11:28:56,000  INFO     ok   apple   BR/government   loaded=200 skipped=0
2026-06-25 11:28:56,000  INFO     ok   apple   BR/health-fitness loaded=200 skipped=0
2026-06-25 11:28:56,000  INFO     ok   apple   BR/history      loaded=200 skipped=0
2026-06-25 11:28:56,000  INFO     ok   apple   BR/kids-family  loaded=200 skipped=0
2026-06-25 11:28:56,000  INFO     ok   apple   BR/leisure      loaded=200 skipped=0
2026-06-25 11:28:56,000  INFO     ok   apple   BR/music        loaded=200 skipped=0
2026-06-25 11:28:56,000  INFO     ok   apple   BR/news         loaded=200 skipped=0
2026-06-25 11:28:57,000  INFO     ok   apple   BR/religion-spirituality loaded=200 skipped=0
2026-06-25 11:28:57,000  INFO     ok   apple   BR/science      loaded=200 skipped=0
2026-06-25 11:28:57,000  INFO     ok   apple   BR/society-culture loaded=200 skipped=0
2026-06-25 11:28:57,000  INFO     ok   apple   BR/sports       loaded=200 skipped=0
2026-06-25 11:28:57,000  INFO     ok   apple   BR/technology   loaded=200 skipped=0
2026-06-25 11:28:57,000  INFO     ok   apple   BR/top          loaded=200 skipped=0
2026-06-25 11:28:57,000  INFO     ok   apple   BR/true-crime   loaded=200 skipped=0
2026-06-25 11:28:57,000  INFO     ok   apple   BR/tv-film      loaded=200 skipped=0
2026-06-25 11:28:57,000  INFO     ok   apple   CA/arts         loaded=200 skipped=0
2026-06-25 11:28:57,000  INFO     ok   apple   CA/business     loaded=200 skipped=0
2026-06-25 11:28:57,000  INFO     ok   apple   CA/comedy       loaded=200 skipped=0
2026-06-25 11:28:57,000  INFO     ok   apple   CA/education    loaded=200 skipped=0
2026-06-25 11:28:57,000  INFO     ok   apple   CA/fiction      loaded=200 skipped=0
2026-06-25 11:28:57,000  INFO     ok   apple   CA/government   loaded=200 skipped=0
2026-06-25 11:28:57,000  INFO     ok   apple   CA/health-fitness loaded=200 skipped=0
2026-06-25 11:28:57,000  INFO     ok   apple   CA/history      loaded=200 skipped=0
2026-06-25 11:28:57,000  INFO     ok   apple   CA/kids-family  loaded=200 skipped=0
2026-06-25 11:28:58,000  INFO     ok   apple   CA/leisure      loaded=200 skipped=0
2026-06-25 11:28:58,000  INFO     ok   apple   CA/music        loaded=200 skipped=0
2026-06-25 11:28:58,000  INFO     ok   apple   CA/news         loaded=200 skipped=0
2026-06-25 11:28:58,000  INFO     ok   apple   CA/religion-spirituality loaded=200 skipped=0
2026-06-25 11:28:58,000  INFO     ok   apple   CA/science      loaded=200 skipped=0
2026-06-25 11:28:58,000  INFO     ok   apple   CA/society-culture loaded=200 skipped=0
2026-06-25 11:28:58,000  INFO     ok   apple   CA/sports       loaded=200 skipped=0
2026-06-25 11:28:58,000  INFO     ok   apple   CA/technology   loaded=200 skipped=0
2026-06-25 11:28:58,000  INFO     ok   apple   CA/top          loaded=200 skipped=0
2026-06-25 11:28:58,000  INFO     ok   apple   CA/true-crime   loaded=200 skipped=0
2026-06-25 11:28:58,000  INFO     ok   apple   CA/tv-film      loaded=200 skipped=0
2026-06-25 11:28:58,000  INFO     ok   apple   DE/arts         loaded=200 skipped=0
2026-06-25 11:28:58,000  INFO     ok   apple   DE/business     loaded=200 skipped=0
2026-06-25 11:28:58,000  INFO     ok   apple   DE/comedy       loaded=200 skipped=0
2026-06-25 11:28:58,000  INFO     ok   apple   DE/education    loaded=200 skipped=0
2026-06-25 11:28:59,000  INFO     ok   apple   DE/fiction      loaded=200 skipped=0
2026-06-25 11:28:59,000  INFO     ok   apple   DE/government   loaded=200 skipped=0
2026-06-25 11:28:59,000  INFO     ok   apple   DE/health-fitness loaded=200 skipped=0
2026-06-25 11:28:59,000  INFO     ok   apple   DE/history      loaded=200 skipped=0
2026-06-25 11:28:59,000  INFO     ok   apple   DE/kids-family  loaded=200 skipped=0
2026-06-25 11:28:59,000  INFO     ok   apple   DE/leisure      loaded=200 skipped=0
2026-06-25 11:28:59,000  INFO     ok   apple   DE/music        loaded=200 skipped=0
2026-06-25 11:28:59,000  INFO     ok   apple   DE/news         loaded=200 skipped=0
2026-06-25 11:28:59,000  INFO     ok   apple   DE/religion-spirituality loaded=200 skipped=0
2026-06-25 11:28:59,000  INFO     ok   apple   DE/science      loaded=200 skipped=0
2026-06-25 11:28:59,000  INFO     ok   apple   DE/society-culture loaded=200 skipped=0
2026-06-25 11:28:59,000  INFO     ok   apple   DE/sports       loaded=200 skipped=0
2026-06-25 11:28:59,000  INFO     ok   apple   DE/technology   loaded=200 skipped=0
2026-06-25 11:29:00,000  INFO     ok   apple   DE/top          loaded=200 skipped=0
2026-06-25 11:29:00,000  INFO     ok   apple   DE/true-crime   loaded=200 skipped=0
2026-06-25 11:29:00,000  INFO     ok   apple   DE/tv-film      loaded=200 skipped=0
2026-06-25 11:29:00,000  INFO     ok   apple   ES/arts         loaded=200 skipped=0
2026-06-25 11:29:00,000  INFO     ok   apple   ES/business     loaded=200 skipped=0
2026-06-25 11:29:00,000  INFO     ok   apple   ES/comedy       loaded=200 skipped=0
2026-06-25 11:29:00,000  INFO     ok   apple   ES/education    loaded=200 skipped=0
2026-06-25 11:29:00,000  INFO     ok   apple   ES/fiction      loaded=200 skipped=0
2026-06-25 11:29:00,000  INFO     ok   apple   ES/government   loaded=200 skipped=0
2026-06-25 11:29:00,000  INFO     ok   apple   ES/health-fitness loaded=200 skipped=0
2026-06-25 11:29:00,000  INFO     ok   apple   ES/history      loaded=200 skipped=0
2026-06-25 11:29:00,000  INFO     ok   apple   ES/kids-family  loaded=200 skipped=0
2026-06-25 11:29:00,000  INFO     ok   apple   ES/leisure      loaded=200 skipped=0
2026-06-25 11:29:01,000  INFO     ok   apple   ES/music        loaded=200 skipped=0
2026-06-25 11:29:01,000  INFO     ok   apple   ES/news         loaded=200 skipped=0
2026-06-25 11:29:01,000  INFO     ok   apple   ES/religion-spirituality loaded=200 skipped=0
2026-06-25 11:29:01,000  INFO     ok   apple   ES/science      loaded=200 skipped=0
2026-06-25 11:29:01,000  INFO     ok   apple   ES/society-culture loaded=200 skipped=0
2026-06-25 11:29:01,000  INFO     ok   apple   ES/sports       loaded=200 skipped=0
2026-06-25 11:29:01,000  INFO     ok   apple   ES/technology   loaded=200 skipped=0
2026-06-25 11:29:01,000  INFO     ok   apple   ES/top          loaded=200 skipped=0
2026-06-25 11:29:01,000  INFO     ok   apple   ES/true-crime   loaded=200 skipped=0
2026-06-25 11:29:01,000  INFO     ok   apple   ES/tv-film      loaded=200 skipped=0
2026-06-25 11:29:01,000  INFO     ok   apple   FR/arts         loaded=200 skipped=0
2026-06-25 11:29:01,000  INFO     ok   apple   FR/business     loaded=200 skipped=0
2026-06-25 11:29:01,000  INFO     ok   apple   FR/comedy       loaded=200 skipped=0
2026-06-25 11:29:01,000  INFO     ok   apple   FR/education    loaded=200 skipped=0
2026-06-25 11:29:01,000  INFO     ok   apple   FR/fiction      loaded=200 skipped=0
2026-06-25 11:29:01,000  INFO     ok   apple   FR/government   loaded=200 skipped=0
2026-06-25 11:29:02,000  INFO     ok   apple   FR/health-fitness loaded=200 skipped=0
2026-06-25 11:29:02,000  INFO     ok   apple   FR/history      loaded=200 skipped=0
2026-06-25 11:29:02,000  INFO     ok   apple   FR/kids-family  loaded=200 skipped=0
2026-06-25 11:29:02,000  INFO     ok   apple   FR/leisure      loaded=200 skipped=0
2026-06-25 11:29:02,000  INFO     ok   apple   FR/music        loaded=200 skipped=0
2026-06-25 11:29:02,000  INFO     ok   apple   FR/news         loaded=200 skipped=0
2026-06-25 11:29:02,000  INFO     ok   apple   FR/religion-spirituality loaded=200 skipped=0
2026-06-25 11:29:02,000  INFO     ok   apple   FR/science      loaded=200 skipped=0
2026-06-25 11:29:02,000  INFO     ok   apple   FR/society-culture loaded=200 skipped=0
2026-06-25 11:29:02,000  INFO     ok   apple   FR/sports       loaded=200 skipped=0
2026-06-25 11:29:02,000  INFO     ok   apple   FR/technology   loaded=200 skipped=0
2026-06-25 11:29:02,000  INFO     ok   apple   FR/top          loaded=200 skipped=0
2026-06-25 11:29:02,000  INFO     ok   apple   FR/true-crime   loaded=200 skipped=0
2026-06-25 11:29:02,000  INFO     ok   apple   FR/tv-film      loaded=200 skipped=0
2026-06-25 11:29:02,000  INFO     ok   apple   GB/arts         loaded=200 skipped=0
2026-06-25 11:29:02,000  INFO     ok   apple   GB/business     loaded=200 skipped=0
2026-06-25 11:29:03,000  INFO     ok   apple   GB/comedy       loaded=200 skipped=0
2026-06-25 11:29:03,000  INFO     ok   apple   GB/education    loaded=200 skipped=0
2026-06-25 11:29:03,000  INFO     ok   apple   GB/fiction      loaded=200 skipped=0
2026-06-25 11:29:03,000  INFO     ok   apple   GB/government   loaded=200 skipped=0
2026-06-25 11:29:03,000  INFO     ok   apple   GB/health-fitness loaded=200 skipped=0
2026-06-25 11:29:03,000  INFO     ok   apple   GB/history      loaded=200 skipped=0
2026-06-25 11:29:03,000  INFO     ok   apple   GB/kids-family  loaded=200 skipped=0
2026-06-25 11:29:03,000  INFO     ok   apple   GB/leisure      loaded=200 skipped=0
2026-06-25 11:29:03,000  INFO     ok   apple   GB/music        loaded=200 skipped=0
2026-06-25 11:29:03,000  INFO     ok   apple   GB/news         loaded=200 skipped=0
2026-06-25 11:29:03,000  INFO     ok   apple   GB/religion-spirituality loaded=200 skipped=0
2026-06-25 11:29:03,000  INFO     ok   apple   GB/science      loaded=200 skipped=0
2026-06-25 11:29:04,000  INFO     ok   apple   GB/society-culture loaded=200 skipped=0
2026-06-25 11:29:04,000  INFO     ok   apple   GB/sports       loaded=200 skipped=0
2026-06-25 11:29:04,000  INFO     ok   apple   GB/technology   loaded=200 skipped=0
2026-06-25 11:29:04,000  INFO     ok   apple   GB/top          loaded=200 skipped=0
2026-06-25 11:29:04,000  INFO     ok   apple   GB/true-crime   loaded=200 skipped=0
2026-06-25 11:29:04,000  INFO     ok   apple   GB/tv-film      loaded=200 skipped=0
2026-06-25 11:29:04,000  INFO     ok   apple   IN/arts         loaded=200 skipped=0
2026-06-25 11:29:04,000  INFO     ok   apple   IN/business     loaded=200 skipped=0
2026-06-25 11:29:04,000  INFO     ok   apple   IN/comedy       loaded=200 skipped=0
2026-06-25 11:29:04,000  INFO     ok   apple   IN/education    loaded=200 skipped=0
2026-06-25 11:29:04,000  INFO     ok   apple   IN/fiction      loaded=200 skipped=0
2026-06-25 11:29:04,000  INFO     ok   apple   IN/government   loaded=200 skipped=0
2026-06-25 11:29:04,000  INFO     ok   apple   IN/health-fitness loaded=200 skipped=0
2026-06-25 11:29:04,000  INFO     ok   apple   IN/history      loaded=200 skipped=0
2026-06-25 11:29:05,000  INFO     ok   apple   IN/kids-family  loaded=200 skipped=0
2026-06-25 11:29:05,000  INFO     ok   apple   IN/leisure      loaded=200 skipped=0
2026-06-25 11:29:05,000  INFO     ok   apple   IN/music        loaded=200 skipped=0
2026-06-25 11:29:05,000  INFO     ok   apple   IN/news         loaded=200 skipped=0
2026-06-25 11:29:05,000  INFO     ok   apple   IN/religion-spirituality loaded=200 skipped=0
2026-06-25 11:29:05,000  INFO     ok   apple   IN/science      loaded=200 skipped=0
2026-06-25 11:29:05,000  INFO     ok   apple   IN/society-culture loaded=200 skipped=0
2026-06-25 11:29:05,000  INFO     ok   apple   IN/sports       loaded=200 skipped=0
2026-06-25 11:29:05,000  INFO     ok   apple   IN/technology   loaded=200 skipped=0
2026-06-25 11:29:05,000  INFO     ok   apple   IN/top          loaded=200 skipped=0
2026-06-25 11:29:05,000  INFO     ok   apple   IN/true-crime   loaded=200 skipped=0
2026-06-25 11:29:05,000  INFO     ok   apple   IN/tv-film      loaded=200 skipped=0
2026-06-25 11:29:06,000  INFO     ok   apple   IT/arts         loaded=200 skipped=0
2026-06-25 11:29:06,000  INFO     ok   apple   IT/business     loaded=200 skipped=0
2026-06-25 11:29:06,000  INFO     ok   apple   IT/comedy       loaded=200 skipped=0
2026-06-25 11:29:06,000  INFO     ok   apple   IT/education    loaded=200 skipped=0
2026-06-25 11:29:06,000  INFO     ok   apple   IT/fiction      loaded=200 skipped=0
2026-06-25 11:29:06,000  INFO     ok   apple   IT/government   loaded=200 skipped=0
2026-06-25 11:29:06,000  INFO     ok   apple   IT/health-fitness loaded=200 skipped=0
2026-06-25 11:29:06,000  INFO     ok   apple   IT/history      loaded=200 skipped=0
2026-06-25 11:29:06,000  INFO     ok   apple   IT/kids-family  loaded=200 skipped=0
2026-06-25 11:29:06,000  INFO     ok   apple   IT/leisure      loaded=200 skipped=0
2026-06-25 11:29:06,000  INFO     ok   apple   IT/music        loaded=200 skipped=0
2026-06-25 11:29:06,000  INFO     ok   apple   IT/news         loaded=200 skipped=0
2026-06-25 11:29:06,000  INFO     ok   apple   IT/religion-spirituality loaded=200 skipped=0
2026-06-25 11:29:07,000  INFO     ok   apple   IT/science      loaded=200 skipped=0
2026-06-25 11:29:07,000  INFO     ok   apple   IT/society-culture loaded=200 skipped=0
2026-06-25 11:29:07,000  INFO     ok   apple   IT/sports       loaded=200 skipped=0
2026-06-25 11:29:07,000  INFO     ok   apple   IT/technology   loaded=200 skipped=0
2026-06-25 11:29:07,000  INFO     ok   apple   IT/top          loaded=200 skipped=0
2026-06-25 11:29:07,000  INFO     ok   apple   IT/true-crime   loaded=200 skipped=0
2026-06-25 11:29:07,000  INFO     ok   apple   IT/tv-film      loaded=200 skipped=0
2026-06-25 11:29:07,000  INFO     ok   apple   JP/arts         loaded=200 skipped=0
2026-06-25 11:29:07,000  INFO     ok   apple   JP/business     loaded=200 skipped=0
2026-06-25 11:29:07,000  INFO     ok   apple   JP/comedy       loaded=200 skipped=0
2026-06-25 11:29:07,000  INFO     ok   apple   JP/education    loaded=200 skipped=0
2026-06-25 11:29:07,000  INFO     ok   apple   JP/fiction      loaded=200 skipped=0
2026-06-25 11:29:07,000  INFO     ok   apple   JP/government   loaded=200 skipped=0
2026-06-25 11:29:07,000  INFO     ok   apple   JP/health-fitness loaded=200 skipped=0
2026-06-25 11:29:07,000  INFO     ok   apple   JP/history      loaded=200 skipped=0
2026-06-25 11:29:08,000  INFO     ok   apple   JP/kids-family  loaded=200 skipped=0
2026-06-25 11:29:08,000  INFO     ok   apple   JP/leisure      loaded=200 skipped=0
2026-06-25 11:29:08,000  INFO     ok   apple   JP/music        loaded=200 skipped=0
2026-06-25 11:29:08,000  INFO     ok   apple   JP/news         loaded=200 skipped=0
2026-06-25 11:29:08,000  INFO     ok   apple   JP/religion-spirituality loaded=200 skipped=0
2026-06-25 11:29:08,000  INFO     ok   apple   JP/science      loaded=200 skipped=0
2026-06-25 11:29:08,000  INFO     ok   apple   JP/society-culture loaded=200 skipped=0
2026-06-25 11:29:08,000  INFO     ok   apple   JP/sports       loaded=200 skipped=0
2026-06-25 11:29:08,000  INFO     ok   apple   JP/technology   loaded=200 skipped=0
2026-06-25 11:29:08,000  INFO     ok   apple   JP/top          loaded=200 skipped=0
2026-06-25 11:29:08,000  INFO     ok   apple   JP/true-crime   loaded=200 skipped=0
2026-06-25 11:29:08,000  INFO     ok   apple   JP/tv-film      loaded=200 skipped=0
2026-06-25 11:29:08,000  INFO     ok   apple   MX/arts         loaded=200 skipped=0
2026-06-25 11:29:08,000  INFO     ok   apple   MX/business     loaded=200 skipped=0
2026-06-25 11:29:08,000  INFO     ok   apple   MX/comedy       loaded=200 skipped=0
2026-06-25 11:29:08,000  INFO     ok   apple   MX/education    loaded=200 skipped=0
2026-06-25 11:29:09,000  INFO     ok   apple   MX/fiction      loaded=200 skipped=0
2026-06-25 11:29:09,000  INFO     ok   apple   MX/government   loaded=200 skipped=0
2026-06-25 11:29:09,000  INFO     ok   apple   MX/health-fitness loaded=200 skipped=0
2026-06-25 11:29:09,000  INFO     ok   apple   MX/history      loaded=200 skipped=0
2026-06-25 11:29:09,000  INFO     ok   apple   MX/kids-family  loaded=200 skipped=0
2026-06-25 11:29:09,000  INFO     ok   apple   MX/leisure      loaded=200 skipped=0
2026-06-25 11:29:09,000  INFO     ok   apple   MX/music        loaded=200 skipped=0
2026-06-25 11:29:09,000  INFO     ok   apple   MX/news         loaded=200 skipped=0
2026-06-25 11:29:09,000  INFO     ok   apple   MX/religion-spirituality loaded=200 skipped=0
2026-06-25 11:29:09,000  INFO     ok   apple   MX/science      loaded=200 skipped=0
2026-06-25 11:29:09,000  INFO     ok   apple   MX/society-culture loaded=200 skipped=0
2026-06-25 11:29:09,000  INFO     ok   apple   MX/sports       loaded=200 skipped=0
2026-06-25 11:29:09,000  INFO     ok   apple   MX/technology   loaded=200 skipped=0
2026-06-25 11:29:10,000  INFO     ok   apple   MX/top          loaded=200 skipped=0
2026-06-25 11:29:10,000  INFO     ok   apple   MX/true-crime   loaded=200 skipped=0
2026-06-25 11:29:10,000  INFO     ok   apple   MX/tv-film      loaded=200 skipped=0
2026-06-25 11:29:10,000  INFO     ok   apple   US/arts         loaded=200 skipped=0
2026-06-25 11:29:10,000  INFO     ok   apple   US/business     loaded=200 skipped=0
2026-06-25 11:29:10,000  INFO     ok   apple   US/comedy       loaded=200 skipped=0
2026-06-25 11:29:10,000  INFO     ok   apple   US/education    loaded=200 skipped=0
2026-06-25 11:29:10,000  INFO     ok   apple   US/fiction      loaded=200 skipped=0
2026-06-25 11:29:10,000  INFO     ok   apple   US/government   loaded=200 skipped=0
2026-06-25 11:29:10,000  INFO     ok   apple   US/health-fitness loaded=200 skipped=0
2026-06-25 11:29:10,000  INFO     ok   apple   US/history      loaded=200 skipped=0
2026-06-25 11:29:10,000  INFO     ok   apple   US/kids-family  loaded=200 skipped=0
2026-06-25 11:29:10,000  INFO     ok   apple   US/leisure      loaded=200 skipped=0
2026-06-25 11:29:10,000  INFO     ok   apple   US/music        loaded=200 skipped=0
2026-06-25 11:29:11,000  INFO     ok   apple   US/news         loaded=200 skipped=0
2026-06-25 11:29:11,000  INFO     ok   apple   US/religion-spirituality loaded=200 skipped=0
2026-06-25 11:29:11,000  INFO     ok   apple   US/science      loaded=200 skipped=0
2026-06-25 11:29:11,000  INFO     ok   apple   US/society-culture loaded=200 skipped=0
2026-06-25 11:29:11,000  INFO     ok   apple   US/sports       loaded=200 skipped=0
2026-06-25 11:29:11,000  INFO     ok   apple   US/technology   loaded=200 skipped=0
2026-06-25 11:29:11,000  INFO     ok   apple   US/top          loaded=200 skipped=0
2026-06-25 11:29:11,000  INFO     ok   apple   US/true-crime   loaded=200 skipped=0
2026-06-25 11:29:11,000  INFO     ok   apple   US/tv-film      loaded=200 skipped=0
2026-06-25 11:29:11,000  INFO     ok   spotify AR/top-podcasts loaded=200 skipped=0
2026-06-25 11:29:11,000  INFO     ok   spotify AR/trending     loaded=200 skipped=0
2026-06-25 11:29:11,000  INFO     ok   spotify AU/arts         loaded=50 skipped=0
2026-06-25 11:29:11,000  INFO     ok   spotify AU/business     loaded=50 skipped=0
2026-06-25 11:29:11,000  INFO     ok   spotify AU/comedy       loaded=50 skipped=0
2026-06-25 11:29:11,000  INFO     ok   spotify AU/education    loaded=50 skipped=0
2026-06-25 11:29:11,000  INFO     ok   spotify AU/fiction      loaded=50 skipped=0
2026-06-25 11:29:11,000  INFO     ok   spotify AU/health-fitness loaded=50 skipped=0
2026-06-25 11:29:11,000  INFO     ok   spotify AU/history      loaded=50 skipped=0
2026-06-25 11:29:11,000  INFO     ok   spotify AU/leisure      loaded=50 skipped=0
2026-06-25 11:29:11,000  INFO     ok   spotify AU/music        loaded=50 skipped=0
2026-06-25 11:29:11,000  INFO     ok   spotify AU/news         loaded=50 skipped=0
2026-06-25 11:29:11,000  INFO     ok   spotify AU/religion-spirituality loaded=50 skipped=0
2026-06-25 11:29:11,000  INFO     ok   spotify AU/science      loaded=50 skipped=0
2026-06-25 11:29:11,000  INFO     ok   spotify AU/society-culture loaded=50 skipped=0
2026-06-25 11:29:11,000  INFO     ok   spotify AU/sports       loaded=50 skipped=0
2026-06-25 11:29:11,000  INFO     ok   spotify AU/technology   loaded=50 skipped=0
2026-06-25 11:29:11,000  INFO     ok   spotify AU/top-podcasts loaded=200 skipped=0
2026-06-25 11:29:12,000  INFO     ok   spotify AU/trending     loaded=200 skipped=0
2026-06-25 11:29:12,000  INFO     ok   spotify AU/true-crime   loaded=50 skipped=0
2026-06-25 11:29:12,000  INFO     ok   spotify AU/tv-film      loaded=50 skipped=0
2026-06-25 11:29:12,000  INFO     ok   spotify BR/arts         loaded=50 skipped=0
2026-06-25 11:29:12,000  INFO     ok   spotify BR/business     loaded=50 skipped=0
2026-06-25 11:29:12,000  INFO     ok   spotify BR/comedy       loaded=50 skipped=0
2026-06-25 11:29:12,000  INFO     ok   spotify BR/education    loaded=50 skipped=0
2026-06-25 11:29:12,000  INFO     ok   spotify BR/fiction      loaded=50 skipped=0
2026-06-25 11:29:12,000  INFO     ok   spotify BR/health-fitness loaded=50 skipped=0
2026-06-25 11:29:12,000  INFO     ok   spotify BR/history      loaded=50 skipped=0
2026-06-25 11:29:12,000  INFO     ok   spotify BR/leisure      loaded=50 skipped=0
2026-06-25 11:29:12,000  INFO     ok   spotify BR/music        loaded=50 skipped=0
2026-06-25 11:29:12,000  INFO     ok   spotify BR/news         loaded=50 skipped=0
2026-06-25 11:29:12,000  INFO     ok   spotify BR/religion-spirituality loaded=50 skipped=0
2026-06-25 11:29:12,000  INFO     ok   spotify BR/science      loaded=50 skipped=0
2026-06-25 11:29:12,000  INFO     ok   spotify BR/society-culture loaded=50 skipped=0
2026-06-25 11:29:12,000  INFO     ok   spotify BR/sports       loaded=50 skipped=0
2026-06-25 11:29:12,000  INFO     ok   spotify BR/technology   loaded=50 skipped=0
2026-06-25 11:29:12,000  INFO     ok   spotify BR/top-podcasts loaded=200 skipped=0
2026-06-25 11:29:12,000  INFO     ok   spotify BR/trending     loaded=200 skipped=0
2026-06-25 11:29:12,000  INFO     ok   spotify BR/true-crime   loaded=50 skipped=0
2026-06-25 11:29:12,000  INFO     ok   spotify BR/tv-film      loaded=50 skipped=0
2026-06-25 11:29:12,000  INFO     ok   spotify CA/top-podcasts loaded=200 skipped=0
2026-06-25 11:29:12,000  INFO     ok   spotify CA/trending     loaded=200 skipped=0
2026-06-25 11:29:12,000  INFO     ok   spotify CL/top-podcasts loaded=200 skipped=0
2026-06-25 11:29:12,000  INFO     ok   spotify CL/trending     loaded=200 skipped=0
2026-06-25 11:29:12,000  INFO     ok   spotify CO/top-podcasts loaded=200 skipped=0
2026-06-25 11:29:12,000  INFO     ok   spotify CO/trending     loaded=200 skipped=0
2026-06-25 11:29:12,000  INFO     ok   spotify DE/arts         loaded=50 skipped=0
2026-06-25 11:29:12,000  INFO     ok   spotify DE/business     loaded=50 skipped=0
2026-06-25 11:29:12,000  INFO     ok   spotify DE/comedy       loaded=50 skipped=0
2026-06-25 11:29:12,000  INFO     ok   spotify DE/education    loaded=50 skipped=0
2026-06-25 11:29:12,000  INFO     ok   spotify DE/fiction      loaded=50 skipped=0
2026-06-25 11:29:12,000  INFO     ok   spotify DE/health-fitness loaded=50 skipped=0
2026-06-25 11:29:12,000  INFO     ok   spotify DE/history      loaded=50 skipped=0
2026-06-25 11:29:12,000  INFO     ok   spotify DE/leisure      loaded=50 skipped=0
2026-06-25 11:29:12,000  INFO     ok   spotify DE/music        loaded=50 skipped=0
2026-06-25 11:29:12,000  INFO     ok   spotify DE/news         loaded=50 skipped=0
2026-06-25 11:29:12,000  INFO     ok   spotify DE/religion-spirituality loaded=50 skipped=0
2026-06-25 11:29:12,000  INFO     ok   spotify DE/science      loaded=50 skipped=0
2026-06-25 11:29:12,000  INFO     ok   spotify DE/society-culture loaded=50 skipped=0
2026-06-25 11:29:13,000  INFO     ok   spotify DE/sports       loaded=50 skipped=0
2026-06-25 11:29:13,000  INFO     ok   spotify DE/technology   loaded=50 skipped=0
2026-06-25 11:29:13,000  INFO     ok   spotify DE/top-podcasts loaded=200 skipped=0
2026-06-25 11:29:13,000  INFO     ok   spotify DE/trending     loaded=200 skipped=0
2026-06-25 11:29:13,000  INFO     ok   spotify DE/true-crime   loaded=50 skipped=0
2026-06-25 11:29:13,000  INFO     ok   spotify DE/tv-film      loaded=50 skipped=0
2026-06-25 11:29:13,000  INFO     ok   spotify ES/top-podcasts loaded=200 skipped=0
2026-06-25 11:29:13,000  INFO     ok   spotify ES/trending     loaded=200 skipped=0
2026-06-25 11:29:13,000  INFO     ok   spotify FR/top-podcasts loaded=200 skipped=0
2026-06-25 11:29:13,000  INFO     ok   spotify FR/trending     loaded=200 skipped=0
2026-06-25 11:29:13,000  INFO     ok   spotify GB/arts         loaded=50 skipped=0
2026-06-25 11:29:13,000  INFO     ok   spotify GB/business     loaded=50 skipped=0
2026-06-25 11:29:13,000  INFO     ok   spotify GB/comedy       loaded=50 skipped=0
2026-06-25 11:29:13,000  INFO     ok   spotify GB/education    loaded=50 skipped=0
2026-06-25 11:29:13,000  INFO     ok   spotify GB/fiction      loaded=50 skipped=0
2026-06-25 11:29:13,000  INFO     ok   spotify GB/health-fitness loaded=50 skipped=0
2026-06-25 11:29:13,000  INFO     ok   spotify GB/history      loaded=50 skipped=0
2026-06-25 11:29:13,000  INFO     ok   spotify GB/leisure      loaded=50 skipped=0
2026-06-25 11:29:13,000  INFO     ok   spotify GB/music        loaded=50 skipped=0
2026-06-25 11:29:13,000  INFO     ok   spotify GB/news         loaded=50 skipped=0
2026-06-25 11:29:13,000  INFO     ok   spotify GB/religion-spirituality loaded=50 skipped=0
2026-06-25 11:29:13,000  INFO     ok   spotify GB/science      loaded=50 skipped=0
2026-06-25 11:29:13,000  INFO     ok   spotify GB/society-culture loaded=50 skipped=0
2026-06-25 11:29:13,000  INFO     ok   spotify GB/sports       loaded=50 skipped=0
2026-06-25 11:29:13,000  INFO     ok   spotify GB/technology   loaded=50 skipped=0
2026-06-25 11:29:13,000  INFO     ok   spotify GB/top-podcasts loaded=200 skipped=0
2026-06-25 11:29:13,000  INFO     ok   spotify GB/trending     loaded=200 skipped=0
2026-06-25 11:29:13,000  INFO     ok   spotify GB/true-crime   loaded=50 skipped=0
2026-06-25 11:29:13,000  INFO     ok   spotify GB/tv-film      loaded=50 skipped=0
2026-06-25 11:29:13,000  INFO     ok   spotify ID/top-podcasts loaded=200 skipped=0
2026-06-25 11:29:13,000  INFO     ok   spotify ID/trending     loaded=200 skipped=0
2026-06-25 11:29:13,000  INFO     ok   spotify IE/top-podcasts loaded=200 skipped=0
2026-06-25 11:29:13,000  INFO     ok   spotify IE/trending     loaded=200 skipped=0
2026-06-25 11:29:13,000  INFO     ok   spotify IN/top-podcasts loaded=200 skipped=0
2026-06-25 11:29:13,000  INFO     ok   spotify IN/trending     loaded=200 skipped=0
2026-06-25 11:29:14,000  INFO     ok   spotify IT/top-podcasts loaded=200 skipped=0
2026-06-25 11:29:14,000  INFO     ok   spotify IT/trending     loaded=200 skipped=0
2026-06-25 11:29:14,000  INFO     ok   spotify JP/top-podcasts loaded=200 skipped=0
2026-06-25 11:29:14,000  INFO     ok   spotify JP/trending     loaded=200 skipped=0
2026-06-25 11:29:14,000  INFO     ok   spotify MX/arts         loaded=50 skipped=0
2026-06-25 11:29:14,000  INFO     ok   spotify MX/business     loaded=50 skipped=0
2026-06-25 11:29:14,000  INFO     ok   spotify MX/comedy       loaded=50 skipped=0
2026-06-25 11:29:14,000  INFO     ok   spotify MX/education    loaded=50 skipped=0
2026-06-25 11:29:14,000  INFO     ok   spotify MX/fiction      loaded=50 skipped=0
2026-06-25 11:29:14,000  INFO     ok   spotify MX/health-fitness loaded=50 skipped=0
2026-06-25 11:29:14,000  INFO     ok   spotify MX/history      loaded=50 skipped=0
2026-06-25 11:29:14,000  INFO     ok   spotify MX/leisure      loaded=50 skipped=0
2026-06-25 11:29:14,000  INFO     ok   spotify MX/music        loaded=50 skipped=0
2026-06-25 11:29:14,000  INFO     ok   spotify MX/news         loaded=50 skipped=0
2026-06-25 11:29:14,000  INFO     ok   spotify MX/religion-spirituality loaded=50 skipped=0
2026-06-25 11:29:14,000  INFO     ok   spotify MX/science      loaded=50 skipped=0
2026-06-25 11:29:14,000  INFO     ok   spotify MX/society-culture loaded=50 skipped=0
2026-06-25 11:29:14,000  INFO     ok   spotify MX/sports       loaded=50 skipped=0
2026-06-25 11:29:14,000  INFO     ok   spotify MX/technology   loaded=50 skipped=0
2026-06-25 11:29:14,000  INFO     ok   spotify MX/top-podcasts loaded=200 skipped=0
2026-06-25 11:29:14,000  INFO     ok   spotify MX/trending     loaded=200 skipped=0
2026-06-25 11:29:14,000  INFO     ok   spotify MX/true-crime   loaded=50 skipped=0
2026-06-25 11:29:14,000  INFO     ok   spotify MX/tv-film      loaded=50 skipped=0
2026-06-25 11:29:14,000  INFO     ok   spotify NL/top-podcasts loaded=200 skipped=0
2026-06-25 11:29:14,000  INFO     ok   spotify NL/trending     loaded=200 skipped=0
2026-06-25 11:29:14,000  INFO     ok   spotify NZ/top-podcasts loaded=200 skipped=0
2026-06-25 11:29:14,000  INFO     ok   spotify NZ/trending     loaded=200 skipped=0
2026-06-25 11:29:14,000  INFO     ok   spotify PH/top-podcasts loaded=200 skipped=0
2026-06-25 11:29:14,000  INFO     ok   spotify PH/trending     loaded=200 skipped=0
2026-06-25 11:29:14,000  INFO     ok   spotify SE/arts         loaded=50 skipped=0
2026-06-25 11:29:14,000  INFO     ok   spotify SE/business     loaded=50 skipped=0
2026-06-25 11:29:14,000  INFO     ok   spotify SE/comedy       loaded=50 skipped=0
2026-06-25 11:29:14,000  INFO     ok   spotify SE/education    loaded=50 skipped=0
2026-06-25 11:29:14,000  INFO     ok   spotify SE/fiction      loaded=50 skipped=0
2026-06-25 11:29:15,000  INFO     ok   spotify SE/health-fitness loaded=50 skipped=0
2026-06-25 11:29:15,000  INFO     ok   spotify SE/history      loaded=50 skipped=0
2026-06-25 11:29:15,000  INFO     ok   spotify SE/leisure      loaded=50 skipped=0
2026-06-25 11:29:15,000  INFO     ok   spotify SE/music        loaded=50 skipped=0
2026-06-25 11:29:15,000  INFO     ok   spotify SE/news         loaded=50 skipped=0
2026-06-25 11:29:15,000  INFO     ok   spotify SE/religion-spirituality loaded=50 skipped=0
2026-06-25 11:29:15,000  INFO     ok   spotify SE/science      loaded=50 skipped=0
2026-06-25 11:29:15,000  INFO     ok   spotify SE/society-culture loaded=50 skipped=0
2026-06-25 11:29:15,000  INFO     ok   spotify SE/sports       loaded=50 skipped=0
2026-06-25 11:29:15,000  INFO     ok   spotify SE/technology   loaded=50 skipped=0
2026-06-25 11:29:15,000  INFO     ok   spotify SE/top-podcasts loaded=200 skipped=0
2026-06-25 11:29:15,000  INFO     ok   spotify SE/trending     loaded=200 skipped=0
2026-06-25 11:29:15,000  INFO     ok   spotify SE/true-crime   loaded=50 skipped=0
2026-06-25 11:29:15,000  INFO     ok   spotify SE/tv-film      loaded=50 skipped=0
2026-06-25 11:29:15,000  INFO     ok   spotify US/arts         loaded=50 skipped=0
2026-06-25 11:29:15,000  INFO     ok   spotify US/business     loaded=50 skipped=0
2026-06-25 11:29:15,000  INFO     ok   spotify US/comedy       loaded=50 skipped=0
2026-06-25 11:29:15,000  INFO     ok   spotify US/education    loaded=50 skipped=0
2026-06-25 11:29:15,000  INFO     ok   spotify US/fiction      loaded=50 skipped=0
2026-06-25 11:29:15,000  INFO     ok   spotify US/health-fitness loaded=50 skipped=0
2026-06-25 11:29:15,000  INFO     ok   spotify US/history      loaded=50 skipped=0
2026-06-25 11:29:15,000  INFO     ok   spotify US/leisure      loaded=50 skipped=0
2026-06-25 11:29:15,000  INFO     ok   spotify US/music        loaded=50 skipped=0
2026-06-25 11:29:15,000  INFO     ok   spotify US/news         loaded=50 skipped=0
2026-06-25 11:29:15,000  INFO     ok   spotify US/religion-spirituality loaded=50 skipped=0
2026-06-25 11:29:15,000  INFO     ok   spotify US/science      loaded=50 skipped=0
2026-06-25 11:29:15,000  INFO     ok   spotify US/society-culture loaded=50 skipped=0
2026-06-25 11:29:15,000  INFO     ok   spotify US/sports       loaded=50 skipped=0
2026-06-25 11:29:15,000  INFO     ok   spotify US/technology   loaded=50 skipped=0
2026-06-25 11:29:15,000  INFO     ok   spotify US/top-podcasts loaded=200 skipped=0
2026-06-25 11:29:15,000  INFO     ok   spotify US/trending     loaded=200 skipped=0
2026-06-25 11:29:15,000  INFO     ok   spotify US/true-crime   loaded=50 skipped=0
2026-06-25 11:29:15,000  INFO     ok   spotify US/tv-film      loaded=50 skipped=0
2026-06-25 11:29:15,000  INFO     ok   youtube CA/top          loaded=100 skipped=0
2026-06-25 11:29:15,000  INFO     ok   youtube MX/top          loaded=100 skipped=0
2026-06-25 11:29:15,000  INFO     ok   youtube US/top          loaded=100 skipped=0
2026-06-25 11:29:15,000  INFO     loader done  files=404 ok=404 skipped=0 rows_loaded=62650 rows_skipped=0
2026-06-25 11:29:15,000  INFO     manifest -> C:\Users\Admin\Desktop\scripts/logs/manifest_2026-06-25.json
