2026-06-24 05:10:44,000 INFO Trying 399 charts into C:\Users\Admin\Desktop\scripts/data/spotify/ ...
2026-06-24 05:10:46,000 INFO ok   us/comedy: 50 shows
2026-06-24 05:10:46,000 INFO ok   us/arts: 50 shows
2026-06-24 05:10:47,000 INFO ok   us/business: 50 shows
2026-06-24 05:10:47,000 INFO ok   us/top-podcasts: 200 shows
2026-06-24 05:10:47,000 INFO ok   us/education: 50 shows
2026-06-24 05:10:48,000 INFO ok   us/trending: 200 shows
2026-06-24 05:10:48,000 INFO ok   us/fiction: 50 shows
2026-06-24 05:10:49,000 INFO ok   us/health-fitness: 50 shows
2026-06-24 05:10:49,000 INFO ok   us/history: 50 shows
2026-06-24 05:10:49,000 INFO ok   us/leisure: 50 shows
2026-06-24 05:10:50,000 INFO ok   us/music: 50 shows
2026-06-24 05:10:50,000 INFO ok   us/news: 50 shows
2026-06-24 05:10:50,000 INFO ok   us/religion-spirituality: 50 shows
2026-06-24 05:10:51,000 INFO ok   us/science: 50 shows
2026-06-24 05:10:52,000 INFO ok   us/society-culture: 50 shows
2026-06-24 05:10:52,000 INFO ok   us/sports: 50 shows
2026-06-24 05:10:52,000 INFO ok   us/technology: 50 shows
2026-06-24 05:10:53,000 INFO ok   us/true-crime: 50 shows
2026-06-24 05:10:53,000 INFO ok   us/tv-film: 50 shows
2026-06-24 05:10:54,000 INFO ok   gb/arts: 50 shows
2026-06-24 05:10:54,000 INFO ok   gb/top-podcasts: 200 shows
2026-06-24 05:10:54,000 INFO ok   gb/trending: 200 shows
2026-06-24 05:10:55,000 INFO ok   gb/business: 50 shows
2026-06-24 05:10:55,000 INFO ok   gb/comedy: 50 shows
2026-06-24 05:10:55,000 INFO ok   gb/education: 50 shows
2026-06-24 05:10:56,000 INFO ok   gb/fiction: 50 shows
2026-06-24 05:10:56,000 INFO ok   gb/health-fitness: 50 shows
2026-06-24 05:10:57,000 INFO ok   gb/leisure: 50 shows
2026-06-24 05:10:57,000 INFO ok   gb/history: 50 shows
2026-06-24 05:10:57,000 INFO ok   gb/music: 50 shows
2026-06-24 05:10:58,000 INFO ok   gb/news: 50 shows
2026-06-24 05:10:58,000 INFO ok   gb/religion-spirituality: 50 shows
2026-06-24 05:10:58,000 INFO ok   gb/science: 50 shows
2026-06-24 05:10:59,000 INFO ok   gb/society-culture: 50 shows
2026-06-24 05:10:59,000 INFO ok   gb/technology: 50 shows
2026-06-24 05:10:59,000 INFO ok   gb/sports: 50 shows
2026-06-24 05:11:00,000 INFO ok   gb/true-crime: 50 shows
2026-06-24 05:11:00,000 INFO ok   gb/tv-film: 50 shows
2026-06-24 05:11:01,000 INFO ok   ca/top-podcasts: 200 shows
2026-06-24 05:11:02,000 INFO ok   ca/trending: 200 shows
2026-06-24 05:11:09,000 INFO ok   au/arts: 50 shows
2026-06-24 05:11:09,000 INFO ok   au/top-podcasts: 200 shows
2026-06-24 05:11:10,000 INFO ok   au/trending: 200 shows
2026-06-24 05:11:10,000 INFO ok   au/business: 50 shows
2026-06-24 05:11:10,000 INFO ok   au/comedy: 50 shows
2026-06-24 05:11:11,000 INFO ok   au/education: 50 shows
2026-06-24 05:11:11,000 INFO ok   au/fiction: 50 shows
2026-06-24 05:11:12,000 INFO ok   au/health-fitness: 50 shows
2026-06-24 05:11:13,000 INFO ok   au/history: 50 shows
2026-06-24 05:11:13,000 INFO ok   au/leisure: 50 shows
2026-06-24 05:11:14,000 INFO ok   au/music: 50 shows
2026-06-24 05:11:14,000 INFO ok   au/news: 50 shows
2026-06-24 05:11:14,000 INFO ok   au/society-culture: 50 shows
2026-06-24 05:11:15,000 INFO ok   au/science: 50 shows
2026-06-24 05:11:15,000 INFO ok   au/religion-spirituality: 50 shows
2026-06-24 05:11:16,000 INFO ok   au/sports: 50 shows
2026-06-24 05:11:16,000 INFO ok   au/technology: 50 shows
2026-06-24 05:11:16,000 INFO ok   au/true-crime: 50 shows
2026-06-24 05:11:17,000 INFO ok   au/tv-film: 50 shows
2026-06-24 05:11:17,000 INFO ok   ie/top-podcasts: 200 shows
2026-06-24 05:11:18,000 INFO ok   ie/trending: 200 shows
2026-06-24 05:11:26,000 INFO ok   nz/top-podcasts: 200 shows
2026-06-24 05:11:28,000 INFO ok   nz/trending: 200 shows
2026-06-24 05:11:35,000 INFO ok   de/arts: 50 shows
2026-06-24 05:11:35,000 INFO ok   de/top-podcasts: 200 shows
2026-06-24 05:11:36,000 INFO ok   de/trending: 200 shows
2026-06-24 05:11:36,000 INFO ok   de/business: 50 shows
2026-06-24 05:11:37,000 INFO ok   de/comedy: 50 shows
2026-06-24 05:11:37,000 INFO ok   de/education: 50 shows
2026-06-24 05:11:37,000 INFO ok   de/fiction: 50 shows
2026-06-24 05:11:38,000 INFO ok   de/health-fitness: 50 shows
2026-06-24 05:11:38,000 INFO ok   de/leisure: 50 shows
2026-06-24 05:11:38,000 INFO ok   de/history: 50 shows
2026-06-24 05:11:39,000 INFO ok   de/news: 50 shows
2026-06-24 05:11:39,000 INFO ok   de/music: 50 shows
2026-06-24 05:11:40,000 INFO ok   de/religion-spirituality: 50 shows
2026-06-24 05:11:40,000 INFO ok   de/science: 50 shows
2026-06-24 05:11:41,000 INFO ok   de/society-culture: 50 shows
2026-06-24 05:11:41,000 INFO ok   de/sports: 50 shows
2026-06-24 05:11:41,000 INFO ok   de/technology: 50 shows
2026-06-24 05:11:41,000 INFO ok   de/true-crime: 50 shows
2026-06-24 05:11:42,000 INFO ok   de/tv-film: 50 shows
2026-06-24 05:11:43,000 INFO ok   fr/top-podcasts: 200 shows
2026-06-24 05:11:44,000 INFO ok   fr/trending: 200 shows
2026-06-24 05:11:52,000 INFO ok   es/trending: 200 shows
2026-06-24 05:11:52,000 INFO ok   es/top-podcasts: 200 shows
2026-06-24 05:12:00,000 INFO ok   it/top-podcasts: 200 shows
2026-06-24 05:12:02,000 INFO ok   it/trending: 200 shows
2026-06-24 05:12:09,000 INFO ok   nl/top-podcasts: 200 shows
2026-06-24 05:12:10,000 INFO ok   nl/trending: 200 shows
2026-06-24 05:12:18,000 INFO ok   se/trending: 200 shows
2026-06-24 05:12:19,000 INFO ok   se/top-podcasts: 200 shows
2026-06-24 05:12:19,000 INFO ok   se/arts: 50 shows
2026-06-24 05:12:19,000 INFO ok   se/business: 50 shows
2026-06-24 05:12:19,000 INFO ok   se/comedy: 50 shows
2026-06-24 05:12:20,000 INFO ok   se/education: 50 shows
2026-06-24 05:12:21,000 INFO ok   se/fiction: 50 shows
2026-06-24 05:12:21,000 INFO ok   se/leisure: 50 shows
2026-06-24 05:12:22,000 INFO ok   se/history: 50 shows
2026-06-24 05:12:22,000 INFO ok   se/health-fitness: 50 shows
2026-06-24 05:12:22,000 INFO ok   se/music: 50 shows
2026-06-24 05:12:23,000 INFO ok   se/news: 50 shows
2026-06-24 05:12:23,000 INFO ok   se/religion-spirituality: 50 shows
2026-06-24 05:12:24,000 INFO ok   se/science: 50 shows
2026-06-24 05:12:24,000 INFO ok   se/society-culture: 50 shows
2026-06-24 05:12:25,000 INFO ok   se/sports: 50 shows
2026-06-24 05:12:25,000 INFO ok   se/technology: 50 shows
2026-06-24 05:12:25,000 INFO ok   se/true-crime: 50 shows
2026-06-24 05:12:26,000 INFO ok   se/tv-film: 50 shows
2026-06-24 05:12:26,000 INFO ok   br/top-podcasts: 200 shows
2026-06-24 05:12:26,000 INFO ok   br/business: 50 shows
2026-06-24 05:12:27,000 INFO ok   br/arts: 50 shows
2026-06-24 05:12:27,000 INFO ok   br/comedy: 50 shows
2026-06-24 05:12:28,000 INFO ok   br/trending: 200 shows
2026-06-24 05:12:28,000 INFO ok   br/education: 50 shows
2026-06-24 05:12:28,000 INFO ok   br/fiction: 50 shows
2026-06-24 05:12:28,000 INFO ok   br/history: 50 shows
2026-06-24 05:12:29,000 INFO ok   br/health-fitness: 50 shows
2026-06-24 05:12:30,000 INFO ok   br/leisure: 50 shows
2026-06-24 05:12:31,000 INFO ok   br/music: 50 shows
2026-06-24 05:12:31,000 INFO ok   br/news: 50 shows
2026-06-24 05:12:31,000 INFO ok   br/religion-spirituality: 50 shows
2026-06-24 05:12:32,000 INFO ok   br/society-culture: 50 shows
2026-06-24 05:12:33,000 INFO ok   br/science: 50 shows
2026-06-24 05:12:33,000 INFO ok   br/sports: 50 shows
2026-06-24 05:12:33,000 INFO ok   br/technology: 50 shows
2026-06-24 05:12:34,000 INFO ok   br/true-crime: 50 shows
2026-06-24 05:12:34,000 INFO ok   br/tv-film: 50 shows
2026-06-24 05:12:35,000 INFO ok   mx/top-podcasts: 200 shows
2026-06-24 05:12:35,000 INFO ok   mx/arts: 50 shows
2026-06-24 05:12:35,000 INFO ok   mx/business: 50 shows
2026-06-24 05:12:36,000 INFO ok   mx/trending: 200 shows
2026-06-24 05:12:36,000 INFO ok   mx/comedy: 50 shows
2026-06-24 05:12:36,000 INFO ok   mx/education: 50 shows
2026-06-24 05:12:37,000 INFO ok   mx/fiction: 50 shows
2026-06-24 05:12:37,000 INFO ok   mx/health-fitness: 50 shows
2026-06-24 05:12:38,000 INFO ok   mx/history: 50 shows
2026-06-24 05:12:38,000 INFO ok   mx/leisure: 50 shows
2026-06-24 05:12:38,000 INFO ok   mx/music: 50 shows
2026-06-24 05:12:39,000 INFO ok   mx/religion-spirituality: 50 shows
2026-06-24 05:12:39,000 INFO ok   mx/news: 50 shows
2026-06-24 05:12:40,000 INFO ok   mx/science: 50 shows
2026-06-24 05:12:40,000 INFO ok   mx/society-culture: 50 shows
2026-06-24 05:12:40,000 INFO ok   mx/sports: 50 shows
2026-06-24 05:12:41,000 INFO ok   mx/technology: 50 shows
2026-06-24 05:12:42,000 INFO ok   mx/true-crime: 50 shows
2026-06-24 05:12:42,000 INFO ok   mx/tv-film: 50 shows
2026-06-24 05:12:42,000 INFO ok   ar/top-podcasts: 200 shows
2026-06-24 05:12:43,000 INFO ok   ar/trending: 200 shows
2026-06-24 05:12:50,000 INFO ok   cl/top-podcasts: 200 shows
2026-06-24 05:12:53,000 INFO ok   cl/trending: 200 shows
2026-06-24 05:13:00,000 INFO ok   co/top-podcasts: 200 shows
2026-06-24 05:13:02,000 INFO ok   co/trending: 200 shows
2026-06-24 05:13:09,000 INFO ok   jp/trending: 200 shows
2026-06-24 05:13:09,000 INFO ok   jp/top-podcasts: 200 shows
2026-06-24 05:13:18,000 INFO ok   id/top-podcasts: 200 shows
2026-06-24 05:13:18,000 INFO ok   id/trending: 200 shows
2026-06-24 05:13:27,000 INFO ok   ph/top-podcasts: 200 shows
2026-06-24 05:13:27,000 INFO ok   ph/trending: 200 shows
2026-06-24 05:13:36,000 INFO ok   in/trending: 200 shows
2026-06-24 05:13:37,000 INFO ok   in/top-podcasts: 200 shows
2026-06-24 05:13:44,000 INFO Done. 161 ok, 238 skipped (not offered), 0 failed.
2026-06-24 06:36:15,000 INFO Trying 399 charts into C:\Users\Admin\Desktop\scripts/data/spotify/ ...
2026-06-24 06:36:17,000 INFO ok   us/business: 50 shows
2026-06-24 06:36:18,000 INFO ok   us/arts: 50 shows
2026-06-24 06:36:18,000 INFO ok   us/comedy: 50 shows
2026-06-24 06:36:18,000 INFO ok   us/top-podcasts: 200 shows
2026-06-24 06:36:18,000 INFO ok   us/education: 50 shows
2026-06-24 06:36:19,000 INFO ok   us/trending: 200 shows
2026-06-24 06:36:19,000 INFO ok   us/fiction: 50 shows
2026-06-24 06:36:20,000 INFO ok   us/health-fitness: 50 shows
2026-06-24 06:36:20,000 INFO ok   us/history: 50 shows
2026-06-24 06:36:20,000 INFO ok   us/leisure: 50 shows
2026-06-24 06:36:21,000 INFO ok   us/music: 50 shows
2026-06-24 06:36:21,000 INFO ok   us/news: 50 shows
2026-06-24 06:36:22,000 INFO ok   us/religion-spirituality: 50 shows
2026-06-24 06:36:22,000 INFO ok   us/society-culture: 50 shows
2026-06-24 06:36:22,000 INFO ok   us/science: 50 shows
2026-06-24 06:36:23,000 INFO ok   us/sports: 50 shows
2026-06-24 06:36:23,000 INFO ok   us/technology: 50 shows
2026-06-24 06:36:23,000 INFO ok   us/true-crime: 50 shows
2026-06-24 06:36:24,000 INFO ok   us/tv-film: 50 shows
2026-06-24 06:36:24,000 INFO ok   gb/trending: 200 shows
2026-06-24 06:36:24,000 INFO ok   gb/top-podcasts: 200 shows
2026-06-24 06:36:25,000 INFO ok   gb/business: 50 shows
2026-06-24 06:36:25,000 INFO ok   gb/arts: 50 shows
2026-06-24 06:36:26,000 INFO ok   gb/comedy: 50 shows
2026-06-24 06:36:26,000 INFO ok   gb/education: 50 shows
2026-06-24 06:36:26,000 INFO ok   gb/fiction: 50 shows
2026-06-24 06:36:27,000 INFO ok   gb/health-fitness: 50 shows
2026-06-24 06:36:27,000 INFO ok   gb/history: 50 shows
2026-06-24 06:36:27,000 INFO ok   gb/music: 50 shows
2026-06-24 06:36:28,000 INFO ok   gb/leisure: 50 shows
2026-06-24 06:36:28,000 INFO ok   gb/news: 50 shows
2026-06-24 06:36:29,000 INFO ok   gb/religion-spirituality: 50 shows
2026-06-24 06:36:29,000 INFO ok   gb/society-culture: 50 shows
2026-06-24 06:36:30,000 INFO ok   gb/science: 50 shows
2026-06-24 06:36:30,000 INFO ok   gb/sports: 50 shows
2026-06-24 06:36:31,000 INFO ok   gb/technology: 50 shows
2026-06-24 06:36:31,000 INFO ok   gb/true-crime: 50 shows
2026-06-24 06:36:31,000 INFO ok   gb/tv-film: 50 shows
2026-06-24 06:36:31,000 INFO ok   ca/top-podcasts: 200 shows
2026-06-24 06:36:32,000 INFO ok   ca/trending: 200 shows
2026-06-24 06:36:41,000 INFO ok   au/top-podcasts: 200 shows
2026-06-24 06:36:41,000 INFO ok   au/trending: 200 shows
2026-06-24 06:36:42,000 INFO ok   au/arts: 50 shows
2026-06-24 06:36:42,000 INFO ok   au/comedy: 50 shows
2026-06-24 06:36:42,000 INFO ok   au/business: 50 shows
2026-06-24 06:36:43,000 INFO ok   au/education: 50 shows
2026-06-24 06:36:43,000 INFO ok   au/fiction: 50 shows
2026-06-24 06:36:44,000 INFO ok   au/history: 50 shows
2026-06-24 06:36:44,000 INFO ok   au/health-fitness: 50 shows
2026-06-24 06:36:44,000 INFO ok   au/leisure: 50 shows
2026-06-24 06:36:45,000 INFO ok   au/music: 50 shows
2026-06-24 06:36:45,000 INFO ok   au/religion-spirituality: 50 shows
2026-06-24 06:36:45,000 INFO ok   au/news: 50 shows
2026-06-24 06:36:46,000 INFO ok   au/society-culture: 50 shows
2026-06-24 06:36:46,000 INFO ok   au/science: 50 shows
2026-06-24 06:36:47,000 INFO ok   au/sports: 50 shows
2026-06-24 06:36:47,000 INFO ok   au/technology: 50 shows
2026-06-24 06:36:47,000 INFO ok   au/true-crime: 50 shows
2026-06-24 06:36:48,000 INFO ok   au/tv-film: 50 shows
2026-06-24 06:36:48,000 INFO ok   ie/top-podcasts: 200 shows
2026-06-24 06:36:49,000 INFO ok   ie/trending: 200 shows
2026-06-24 06:36:57,000 INFO ok   nz/top-podcasts: 200 shows
2026-06-24 06:36:59,000 INFO ok   nz/trending: 200 shows
2026-06-24 06:37:06,000 INFO ok   de/arts: 50 shows
2026-06-24 06:37:07,000 INFO ok   de/top-podcasts: 200 shows
2026-06-24 06:37:07,000 INFO ok   de/trending: 200 shows
2026-06-24 06:37:07,000 INFO ok   de/comedy: 50 shows
2026-06-24 06:37:08,000 INFO ok   de/business: 50 shows
2026-06-24 06:37:08,000 INFO ok   de/education: 50 shows
2026-06-24 06:37:08,000 INFO ok   de/fiction: 50 shows
2026-06-24 06:37:09,000 INFO ok   de/health-fitness: 50 shows
2026-06-24 06:37:09,000 INFO ok   de/history: 50 shows
2026-06-24 06:37:10,000 INFO ok   de/leisure: 50 shows
2026-06-24 06:37:10,000 INFO ok   de/music: 50 shows
2026-06-24 06:37:10,000 INFO ok   de/news: 50 shows
2026-06-24 06:37:11,000 INFO ok   de/science: 50 shows
2026-06-24 06:37:11,000 INFO ok   de/religion-spirituality: 50 shows
2026-06-24 06:37:11,000 INFO ok   de/sports: 50 shows
2026-06-24 06:37:12,000 INFO ok   de/society-culture: 50 shows
2026-06-24 06:37:12,000 INFO ok   de/technology: 50 shows
2026-06-24 06:37:13,000 INFO ok   de/true-crime: 50 shows
2026-06-24 06:37:13,000 INFO ok   de/tv-film: 50 shows
2026-06-24 06:37:13,000 INFO ok   fr/top-podcasts: 200 shows
2026-06-24 06:37:14,000 INFO ok   fr/trending: 200 shows
2026-06-24 06:37:22,000 INFO ok   es/top-podcasts: 200 shows
2026-06-24 06:37:23,000 INFO ok   es/trending: 200 shows
2026-06-24 06:37:31,000 INFO ok   it/trending: 200 shows
2026-06-24 06:37:31,000 INFO ok   it/top-podcasts: 200 shows
2026-06-24 06:37:40,000 INFO ok   nl/top-podcasts: 200 shows
2026-06-24 06:37:42,000 INFO ok   nl/trending: 200 shows
2026-06-24 06:37:49,000 INFO ok   se/arts: 50 shows
2026-06-24 06:37:49,000 INFO ok   se/top-podcasts: 200 shows
2026-06-24 06:37:50,000 INFO ok   se/trending: 200 shows
2026-06-24 06:37:50,000 INFO ok   se/business: 50 shows
2026-06-24 06:37:50,000 INFO ok   se/comedy: 50 shows
2026-06-24 06:37:51,000 INFO ok   se/education: 50 shows
2026-06-24 06:37:51,000 INFO ok   se/fiction: 50 shows
2026-06-24 06:37:52,000 INFO ok   se/health-fitness: 50 shows
2026-06-24 06:37:52,000 INFO ok   se/history: 50 shows
2026-06-24 06:37:52,000 INFO ok   se/leisure: 50 shows
2026-06-24 06:37:53,000 INFO ok   se/music: 50 shows
2026-06-24 06:37:53,000 INFO ok   se/news: 50 shows
2026-06-24 06:37:53,000 INFO ok   se/religion-spirituality: 50 shows
2026-06-24 06:37:54,000 INFO ok   se/science: 50 shows
2026-06-24 06:37:54,000 INFO ok   se/society-culture: 50 shows
2026-06-24 06:37:54,000 INFO ok   se/sports: 50 shows
2026-06-24 06:37:55,000 INFO ok   se/technology: 50 shows
2026-06-24 06:37:55,000 INFO ok   se/true-crime: 50 shows
2026-06-24 06:37:56,000 INFO ok   se/tv-film: 50 shows
2026-06-24 06:37:56,000 INFO ok   br/top-podcasts: 200 shows
2026-06-24 06:37:56,000 INFO ok   br/arts: 50 shows
2026-06-24 06:37:57,000 INFO ok   br/business: 50 shows
2026-06-24 06:37:57,000 INFO ok   br/trending: 200 shows
2026-06-24 06:37:58,000 INFO ok   br/education: 50 shows
2026-06-24 06:37:59,000 INFO ok   br/comedy: 50 shows
2026-06-24 06:37:59,000 INFO ok   br/fiction: 50 shows
2026-06-24 06:38:00,000 INFO ok   br/health-fitness: 50 shows
2026-06-24 06:38:00,000 INFO ok   br/history: 50 shows
2026-06-24 06:38:00,000 INFO ok   br/leisure: 50 shows
2026-06-24 06:38:01,000 INFO ok   br/music: 50 shows
2026-06-24 06:38:01,000 INFO ok   br/news: 50 shows
2026-06-24 06:38:02,000 INFO ok   br/religion-spirituality: 50 shows
2026-06-24 06:38:02,000 INFO ok   br/science: 50 shows
2026-06-24 06:38:02,000 INFO ok   br/society-culture: 50 shows
2026-06-24 06:38:03,000 INFO ok   br/sports: 50 shows
2026-06-24 06:38:03,000 INFO ok   br/technology: 50 shows
2026-06-24 06:38:04,000 INFO ok   br/true-crime: 50 shows
2026-06-24 06:38:04,000 INFO ok   br/tv-film: 50 shows
2026-06-24 06:38:05,000 INFO ok   mx/top-podcasts: 200 shows
2026-06-24 06:38:05,000 INFO ok   mx/arts: 50 shows
2026-06-24 06:38:05,000 INFO ok   mx/business: 50 shows
2026-06-24 06:38:06,000 INFO ok   mx/trending: 200 shows
2026-06-24 06:38:06,000 INFO ok   mx/comedy: 50 shows
2026-06-24 06:38:07,000 INFO ok   mx/education: 50 shows
2026-06-24 06:38:07,000 INFO ok   mx/fiction: 50 shows
2026-06-24 06:38:08,000 INFO ok   mx/health-fitness: 50 shows
2026-06-24 06:38:08,000 INFO ok   mx/leisure: 50 shows
2026-06-24 06:38:09,000 INFO ok   mx/history: 50 shows
2026-06-24 06:38:09,000 INFO ok   mx/music: 50 shows
2026-06-24 06:38:09,000 INFO ok   mx/news: 50 shows
2026-06-24 06:38:10,000 INFO ok   mx/religion-spirituality: 50 shows
2026-06-24 06:38:10,000 INFO ok   mx/science: 50 shows
2026-06-24 06:38:11,000 INFO ok   mx/society-culture: 50 shows
2026-06-24 06:38:11,000 INFO ok   mx/sports: 50 shows
2026-06-24 06:38:11,000 INFO ok   mx/technology: 50 shows
2026-06-24 06:38:12,000 INFO ok   mx/true-crime: 50 shows
2026-06-24 06:38:12,000 INFO ok   mx/tv-film: 50 shows
2026-06-24 06:38:12,000 INFO ok   ar/top-podcasts: 200 shows
2026-06-24 06:38:14,000 INFO ok   ar/trending: 200 shows
2026-06-24 06:38:22,000 INFO ok   cl/top-podcasts: 200 shows
2026-06-24 06:38:22,000 INFO ok   cl/trending: 200 shows
2026-06-24 06:38:30,000 INFO ok   co/top-podcasts: 200 shows
2026-06-24 06:38:32,000 INFO ok   co/trending: 200 shows
2026-06-24 06:38:39,000 INFO ok   jp/top-podcasts: 200 shows
2026-06-24 06:38:40,000 INFO ok   jp/trending: 200 shows
2026-06-24 06:38:48,000 INFO ok   id/top-podcasts: 200 shows
2026-06-24 06:38:49,000 INFO ok   id/trending: 200 shows
2026-06-24 06:38:56,000 INFO ok   ph/top-podcasts: 200 shows
2026-06-24 06:38:58,000 INFO ok   ph/trending: 200 shows
2026-06-24 06:39:06,000 INFO ok   in/top-podcasts: 200 shows
2026-06-24 06:39:08,000 INFO ok   in/trending: 200 shows
2026-06-24 06:39:13,000 INFO Done. 161 ok, 238 skipped (not offered), 0 failed.
